{"C:\\Users\\Ricky\\Desktop\\For Fun Projects\\Lovableproject\\healthy-photo-hub\\src\\components\\AlbumCard.tsx": {"path":"C:\\Users\\Ricky\\Desktop\\For Fun Projects\\Lovableproject\\healthy-photo-hub\\src\\components\\AlbumCard.tsx","statementMap":{"0":{"start":{"line":2,"column":0},"end":{"line":2,"column":26}},"1":{"start":{"line":3,"column":0},"end":{"line":3,"column":40}},"2":{"start":{"line":4,"column":0},"end":{"line":4,"column":92}},"3":{"start":{"line":5,"column":0},"end":{"line":5,"column":44}},"4":{"start":{"line":14,"column":44},"end":{"line":40,"column":1}},"5":{"start":{"line":15,"column":2},"end":{"line":39,"column":4}},"6":{"start":{"line":42,"column":0},"end":{"line":42,"column":25}}},"fnMap":{"0":{"name":"(anonymous_1)","decl":{"start":{"line":14,"column":44},"end":{"line":14,"column":45}},"loc":{"start":{"line":14,"column":80},"end":{"line":40,"column":1}}}},"branchMap":{"0":{"loc":{"start":{"line":25,"column":11},"end":{"line":26,"column":null}},"type":"binary-expr","locations":[{"start":{"line":25,"column":11},"end":{"line":25,"column":19}},{"start":{"line":26,"column":12},"end":{"line":26,"column":67}}]},"1":{"loc":{"start":{"line":29,"column":9},"end":{"line":35,"column":null}},"type":"binary-expr","locations":[{"start":{"line":29,"column":9},"end":{"line":29,"column":33}},{"start":{"line":30,"column":10},"end":{"line":34,"column":null}}]},"2":{"loc":{"start":{"line":33,"column":34},"end":{"line":33,"column":71}},"type":"cond-expr","locations":[{"start":{"line":33,"column":53},"end":{"line":33,"column":60}},{"start":{"line":33,"column":63},"end":{"line":33,"column":71}}]}},"s":{"0":2,"1":2,"2":2,"3":2,"4":2,"5":18,"6":2},"f":{"0":18},"b":{"0":[18,1],"1":[18,11],"2":[9,2]}}
,"C:\\Users\\Ricky\\Desktop\\For Fun Projects\\Lovableproject\\healthy-photo-hub\\src\\components\\ErrorBoundary.tsx": {"path":"C:\\Users\\Ricky\\Desktop\\For Fun Projects\\Lovableproject\\healthy-photo-hub\\src\\components\\ErrorBoundary.tsx","statementMap":{"0":{"start":{"line":1,"column":0},"end":{"line":1,"column":63}},"1":{"start":{"line":2,"column":0},"end":{"line":2,"column":70}},"2":{"start":{"line":16,"column":4},"end":{"line":16,"column":17}},"3":{"start":{"line":17,"column":4},"end":{"line":17,"column":37}},"4":{"start":{"line":21,"column":4},"end":{"line":21,"column":37}},"5":{"start":{"line":25,"column":4},"end":{"line":30,"column":6}},"6":{"start":{"line":34,"column":4},"end":{"line":59,"column":5}},"7":{"start":{"line":35,"column":6},"end":{"line":37,"column":7}},"8":{"start":{"line":36,"column":8},"end":{"line":36,"column":35}},"9":{"start":{"line":38,"column":6},"end":{"line":58,"column":8}},"10":{"start":{"line":47,"column":27},"end":{"line":47,"column":51}},"11":{"start":{"line":61,"column":4},"end":{"line":61,"column":31}},"12":{"start":{"line":65,"column":0},"end":{"line":65,"column":29}}},"fnMap":{"0":{"name":"(anonymous_6)","decl":{"start":{"line":15,"column":2},"end":{"line":15,"column":14}},"loc":{"start":{"line":15,"column":26},"end":{"line":18,"column":3}}},"1":{"name":"(anonymous_7)","decl":{"start":{"line":20,"column":2},"end":{"line":20,"column":8}},"loc":{"start":{"line":20,"column":46},"end":{"line":22,"column":3}}},"2":{"name":"(anonymous_8)","decl":{"start":{"line":24,"column":2},"end":{"line":24,"column":19}},"loc":{"start":{"line":24,"column":54},"end":{"line":31,"column":3}}},"3":{"name":"(anonymous_9)","decl":{"start":{"line":33,"column":2},"end":{"line":33,"column":8}},"loc":{"start":{"line":33,"column":8},"end":{"line":62,"column":3}}},"4":{"name":"(anonymous_10)","decl":{"start":{"line":47,"column":21},"end":{"line":47,"column":24}},"loc":{"start":{"line":47,"column":27},"end":{"line":47,"column":51}}}},"branchMap":{"0":{"loc":{"start":{"line":34,"column":4},"end":{"line":59,"column":5}},"type":"if","locations":[{"start":{"line":34,"column":4},"end":{"line":59,"column":5}}]},"1":{"loc":{"start":{"line":35,"column":6},"end":{"line":37,"column":7}},"type":"if","locations":[{"start":{"line":35,"column":6},"end":{"line":37,"column":7}}]},"2":{"loc":{"start":{"line":52,"column":11},"end":{"line":55,"column":null}},"type":"binary-expr","locations":[{"start":{"line":52,"column":11},"end":{"line":52,"column":49}},{"start":{"line":52,"column":53},"end":{"line":52,"column":69}},{"start":{"line":53,"column":12},"end":{"line":54,"column":null}}]}},"s":{"0":1,"1":1,"2":10,"3":9,"4":8,"5":4,"6":17,"7":8,"8":2,"9":6,"10":0,"11":9,"12":1},"f":{"0":10,"1":8,"2":4,"3":17,"4":0},"b":{"0":[8],"1":[2],"2":[6,0,0]}}
,"C:\\Users\\Ricky\\Desktop\\For Fun Projects\\Lovableproject\\healthy-photo-hub\\src\\components\\LoadingSpinner.tsx": {"path":"C:\\Users\\Ricky\\Desktop\\For Fun Projects\\Lovableproject\\healthy-photo-hub\\src\\components\\LoadingSpinner.tsx","statementMap":{"0":{"start":{"line":1,"column":0},"end":{"line":1,"column":33}},"1":{"start":{"line":2,"column":0},"end":{"line":2,"column":39}},"2":{"start":{"line":10,"column":20},"end":{"line":14,"column":2}},"3":{"start":{"line":16,"column":30},"end":{"line":27,"column":1}},"4":{"start":{"line":21,"column":2},"end":{"line":26,"column":4}},"5":{"start":{"line":16,"column":13},"end":{"line":16,"column":30}},"6":{"start":{"line":29,"column":0},"end":{"line":29,"column":30}}},"fnMap":{"0":{"name":"(anonymous_0)","decl":{"start":{"line":16,"column":30},"end":{"line":16,"column":31}},"loc":{"start":{"line":20,"column":26},"end":{"line":27,"column":1}}}},"branchMap":{"0":{"loc":{"start":{"line":19,"column":2},"end":{"line":19,"column":13}},"type":"default-arg","locations":[{"start":{"line":19,"column":9},"end":{"line":19,"column":13}}]},"1":{"loc":{"start":{"line":24,"column":7},"end":{"line":24,"column":65}},"type":"binary-expr","locations":[{"start":{"line":24,"column":7},"end":{"line":24,"column":11}},{"start":{"line":24,"column":15},"end":{"line":24,"column":65}}]}},"s":{"0":6,"1":6,"2":6,"3":6,"4":49,"5":6,"6":6},"f":{"0":49},"b":{"0":[4],"1":[49,44]}}
,"C:\\Users\\Ricky\\Desktop\\For Fun Projects\\Lovableproject\\healthy-photo-hub\\src\\components\\NavBar.tsx": {"path":"C:\\Users\\Ricky\\Desktop\\For Fun Projects\\Lovableproject\\healthy-photo-hub\\src\\components\\NavBar.tsx","statementMap":{"0":{"start":{"line":1,"column":0},"end":{"line":1,"column":26}},"1":{"start":{"line":2,"column":0},"end":{"line":2,"column":53}},"2":{"start":{"line":3,"column":0},"end":{"line":3,"column":43}},"3":{"start":{"line":4,"column":0},"end":{"line":4,"column":48}},"4":{"start":{"line":5,"column":0},"end":{"line":5,"column":59}},"5":{"start":{"line":6,"column":0},"end":{"line":6,"column":33}},"6":{"start":{"line":8,"column":22},"end":{"line":139,"column":1}},"7":{"start":{"line":9,"column":38},"end":{"line":9,"column":47}},"8":{"start":{"line":10,"column":19},"end":{"line":10,"column":32}},"9":{"start":{"line":11,"column":38},"end":{"line":11,"column":59}},"10":{"start":{"line":13,"column":21},"end":{"line":13,"column":53}},"11":{"start":{"line":13,"column":27},"end":{"line":13,"column":53}},"12":{"start":{"line":14,"column":20},"end":{"line":14,"column":46}},"13":{"start":{"line":14,"column":26},"end":{"line":14,"column":46}},"14":{"start":{"line":16,"column":19},"end":{"line":16,"column":63}},"15":{"start":{"line":16,"column":37},"end":{"line":16,"column":63}},"16":{"start":{"line":18,"column":2},"end":{"line":138,"column":4}},"17":{"start":{"line":105,"column":20},"end":{"line":105,"column":29}},"18":{"start":{"line":106,"column":20},"end":{"line":106,"column":32}},"19":{"start":{"line":8,"column":13},"end":{"line":8,"column":22}}},"fnMap":{"0":{"name":"(anonymous_1)","decl":{"start":{"line":8,"column":22},"end":{"line":8,"column":25}},"loc":{"start":{"line":8,"column":27},"end":{"line":139,"column":1}}},"1":{"name":"(anonymous_2)","decl":{"start":{"line":13,"column":21},"end":{"line":13,"column":24}},"loc":{"start":{"line":13,"column":27},"end":{"line":13,"column":53}}},"2":{"name":"(anonymous_3)","decl":{"start":{"line":14,"column":20},"end":{"line":14,"column":23}},"loc":{"start":{"line":14,"column":26},"end":{"line":14,"column":46}}},"3":{"name":"(anonymous_4)","decl":{"start":{"line":16,"column":19},"end":{"line":16,"column":20}},"loc":{"start":{"line":16,"column":37},"end":{"line":16,"column":63}}},"4":{"name":"(anonymous_5)","decl":{"start":{"line":104,"column":27},"end":{"line":104,"column":30}},"loc":{"start":{"line":104,"column":32},"end":{"line":107,"column":19}}}},"branchMap":{"0":{"loc":{"start":{"line":33,"column":15},"end":{"line":36,"column":null}},"type":"cond-expr","locations":[{"start":{"line":34,"column":16},"end":{"line":34,"column":56}},{"start":{"line":36,"column":16},"end":{"line":36,"column":58}}]},"1":{"loc":{"start":{"line":43,"column":13},"end":{"line":78,"column":null}},"type":"cond-expr","locations":[{"start":{"line":44,"column":14},"end":{"line":62,"column":null}},{"start":{"line":65,"column":14},"end":{"line":77,"column":null}}]},"2":{"loc":{"start":{"line":49,"column":20},"end":{"line":49,"column":67}},"type":"binary-expr","locations":[{"start":{"line":49,"column":20},"end":{"line":49,"column":37}},{"start":{"line":49,"column":41},"end":{"line":49,"column":67}}]},"3":{"loc":{"start":{"line":70,"column":20},"end":{"line":70,"column":63}},"type":"binary-expr","locations":[{"start":{"line":70,"column":20},"end":{"line":70,"column":33}},{"start":{"line":70,"column":37},"end":{"line":70,"column":63}}]},"4":{"loc":{"start":{"line":85,"column":7},"end":{"line":135,"column":null}},"type":"binary-expr","locations":[{"start":{"line":85,"column":7},"end":{"line":85,"column":17}},{"start":{"line":86,"column":8},"end":{"line":134,"column":null}}]},"5":{"loc":{"start":{"line":88,"column":13},"end":{"line":132,"column":null}},"type":"cond-expr","locations":[{"start":{"line":89,"column":14},"end":{"line":111,"column":null}},{"start":{"line":114,"column":14},"end":{"line":131,"column":null}}]},"6":{"loc":{"start":{"line":94,"column":20},"end":{"line":94,"column":76}},"type":"binary-expr","locations":[{"start":{"line":94,"column":20},"end":{"line":94,"column":37}},{"start":{"line":94,"column":41},"end":{"line":94,"column":76}}]},"7":{"loc":{"start":{"line":119,"column":20},"end":{"line":119,"column":72}},"type":"binary-expr","locations":[{"start":{"line":119,"column":20},"end":{"line":119,"column":33}},{"start":{"line":119,"column":37},"end":{"line":119,"column":72}}]}},"s":{"0":5,"1":5,"2":5,"3":5,"4":5,"5":5,"6":5,"7":60,"8":60,"9":60,"10":60,"11":0,"12":60,"13":0,"14":60,"15":60,"16":60,"17":0,"18":0,"19":5},"f":{"0":60,"1":0,"2":0,"3":60,"4":0},"b":{"0":[0,60],"1":[49,11],"2":[49,0],"3":[11,9],"4":[60,0],"5":[0,0],"6":[0,0],"7":[0,0]}}
,"C:\\Users\\Ricky\\Desktop\\For Fun Projects\\Lovableproject\\healthy-photo-hub\\src\\components\\PhotoCard.tsx": {"path":"C:\\Users\\Ricky\\Desktop\\For Fun Projects\\Lovableproject\\healthy-photo-hub\\src\\components\\PhotoCard.tsx","statementMap":{"0":{"start":{"line":1,"column":0},"end":{"line":1,"column":26}},"1":{"start":{"line":2,"column":0},"end":{"line":2,"column":40}},"2":{"start":{"line":3,"column":0},"end":{"line":3,"column":69}},"3":{"start":{"line":4,"column":0},"end":{"line":4,"column":67}},"4":{"start":{"line":11,"column":44},"end":{"line":28,"column":1}},"5":{"start":{"line":12,"column":2},"end":{"line":27,"column":4}},"6":{"start":{"line":30,"column":0},"end":{"line":30,"column":25}}},"fnMap":{"0":{"name":"(anonymous_1)","decl":{"start":{"line":11,"column":44},"end":{"line":11,"column":45}},"loc":{"start":{"line":11,"column":58},"end":{"line":28,"column":1}}}},"branchMap":{},"s":{"0":2,"1":2,"2":2,"3":2,"4":2,"5":11,"6":2},"f":{"0":11},"b":{}}
,"C:\\Users\\Ricky\\Desktop\\For Fun Projects\\Lovableproject\\healthy-photo-hub\\src\\components\\UserCard.tsx": {"path":"C:\\Users\\Ricky\\Desktop\\For Fun Projects\\Lovableproject\\healthy-photo-hub\\src\\components\\UserCard.tsx","statementMap":{"0":{"start":{"line":2,"column":0},"end":{"line":2,"column":26}},"1":{"start":{"line":3,"column":0},"end":{"line":3,"column":40}},"2":{"start":{"line":4,"column":0},"end":{"line":4,"column":92}},"3":{"start":{"line":5,"column":0},"end":{"line":5,"column":60}},"4":{"start":{"line":13,"column":42},"end":{"line":54,"column":1}},"5":{"start":{"line":14,"column":2},"end":{"line":53,"column":4}},"6":{"start":{"line":56,"column":0},"end":{"line":56,"column":24}}},"fnMap":{"0":{"name":"(anonymous_1)","decl":{"start":{"line":13,"column":42},"end":{"line":13,"column":43}},"loc":{"start":{"line":13,"column":67},"end":{"line":54,"column":1}}}},"branchMap":{"0":{"loc":{"start":{"line":30,"column":13},"end":{"line":34,"column":null}},"type":"binary-expr","locations":[{"start":{"line":30,"column":13},"end":{"line":30,"column":23}},{"start":{"line":31,"column":14},"end":{"line":33,"column":null}}]},"1":{"loc":{"start":{"line":36,"column":13},"end":{"line":40,"column":null}},"type":"binary-expr","locations":[{"start":{"line":36,"column":13},"end":{"line":36,"column":25}},{"start":{"line":37,"column":14},"end":{"line":39,"column":null}}]},"2":{"loc":{"start":{"line":44,"column":9},"end":{"line":49,"column":null}},"type":"binary-expr","locations":[{"start":{"line":44,"column":9},"end":{"line":44,"column":33}},{"start":{"line":45,"column":10},"end":{"line":48,"column":null}}]},"3":{"loc":{"start":{"line":47,"column":28},"end":{"line":47,"column":65}},"type":"cond-expr","locations":[{"start":{"line":47,"column":47},"end":{"line":47,"column":54}},{"start":{"line":47,"column":57},"end":{"line":47,"column":65}}]}},"s":{"0":2,"1":2,"2":2,"3":2,"4":2,"5":9,"6":2},"f":{"0":9},"b":{"0":[9,8],"1":[9,8],"2":[9,2],"3":[1,1]}}
,"C:\\Users\\Ricky\\Desktop\\For Fun Projects\\Lovableproject\\healthy-photo-hub\\src\\components\\ui\\avatar.tsx": {"path":"C:\\Users\\Ricky\\Desktop\\For Fun Projects\\Lovableproject\\healthy-photo-hub\\src\\components\\ui\\avatar.tsx","statementMap":{"0":{"start":{"line":1,"column":0},"end":{"line":1,"column":30}},"1":{"start":{"line":2,"column":0},"end":{"line":2,"column":57}},"2":{"start":{"line":4,"column":0},"end":{"line":4,"column":32}},"3":{"start":{"line":6,"column":15},"end":{"line":18,"column":2}},"4":{"start":{"line":9,"column":14},"end":{"line":9,"column":19}},"5":{"start":{"line":9,"column":24},"end":{"line":9,"column":28}},"6":{"start":{"line":9,"column":36},"end":{"line":18,"column":2}},"7":{"start":{"line":48,"column":9},"end":{"line":48,"column":15}},"8":{"start":{"line":19,"column":0},"end":{"line":19,"column":null}},"9":{"start":{"line":21,"column":20},"end":{"line":30,"column":2}},"10":{"start":{"line":24,"column":14},"end":{"line":24,"column":19}},"11":{"start":{"line":24,"column":24},"end":{"line":24,"column":28}},"12":{"start":{"line":24,"column":36},"end":{"line":30,"column":2}},"13":{"start":{"line":48,"column":17},"end":{"line":48,"column":28}},"14":{"start":{"line":31,"column":0},"end":{"line":31,"column":null}},"15":{"start":{"line":33,"column":23},"end":{"line":45,"column":2}},"16":{"start":{"line":36,"column":14},"end":{"line":36,"column":19}},"17":{"start":{"line":36,"column":24},"end":{"line":36,"column":28}},"18":{"start":{"line":36,"column":36},"end":{"line":45,"column":2}},"19":{"start":{"line":48,"column":30},"end":{"line":48,"column":44}},"20":{"start":{"line":46,"column":0},"end":{"line":46,"column":null}}},"fnMap":{"0":{"name":"(anonymous_7)","decl":{"start":{"line":9,"column":2},"end":{"line":9,"column":3}},"loc":{"start":{"line":9,"column":35},"end":{"line":18,"column":2}}},"1":{"name":"(anonymous_8)","decl":{"start":{"line":24,"column":2},"end":{"line":24,"column":3}},"loc":{"start":{"line":24,"column":35},"end":{"line":30,"column":2}}},"2":{"name":"(anonymous_9)","decl":{"start":{"line":36,"column":2},"end":{"line":36,"column":3}},"loc":{"start":{"line":36,"column":35},"end":{"line":45,"column":2}}}},"branchMap":{},"s":{"0":1,"1":1,"2":1,"3":1,"4":5,"5":5,"6":5,"7":1,"8":1,"9":1,"10":0,"11":0,"12":0,"13":1,"14":1,"15":1,"16":5,"17":5,"18":5,"19":1,"20":1},"f":{"0":5,"1":0,"2":5},"b":{}}
,"C:\\Users\\Ricky\\Desktop\\For Fun Projects\\Lovableproject\\healthy-photo-hub\\src\\components\\ui\\button.tsx": {"path":"C:\\Users\\Ricky\\Desktop\\For Fun Projects\\Lovableproject\\healthy-photo-hub\\src\\components\\ui\\button.tsx","statementMap":{"0":{"start":{"line":1,"column":0},"end":{"line":1,"column":30}},"1":{"start":{"line":2,"column":0},"end":{"line":2,"column":43}},"2":{"start":{"line":3,"column":0},"end":{"line":3,"column":65}},"3":{"start":{"line":5,"column":0},"end":{"line":5,"column":32}},"4":{"start":{"line":7,"column":23},"end":{"line":33,"column":null}},"5":{"start":{"line":56,"column":17},"end":{"line":56,"column":31}},"6":{"start":{"line":42,"column":15},"end":{"line":52,"column":null}},"7":{"start":{"line":43,"column":46},"end":{"line":43,"column":51}},"8":{"start":{"line":43,"column":56},"end":{"line":43,"column":60}},"9":{"start":{"line":44,"column":17},"end":{"line":44,"column":42}},"10":{"start":{"line":45,"column":4},"end":{"line":51,"column":null}},"11":{"start":{"line":56,"column":9},"end":{"line":56,"column":15}},"12":{"start":{"line":54,"column":0},"end":{"line":54,"column":null}}},"fnMap":{"0":{"name":"(anonymous_7)","decl":{"start":{"line":43,"column":2},"end":{"line":43,"column":3}},"loc":{"start":{"line":43,"column":67},"end":{"line":52,"column":3}}}},"branchMap":{"0":{"loc":{"start":{"line":43,"column":31},"end":{"line":43,"column":46}},"type":"default-arg","locations":[{"start":{"line":43,"column":41},"end":{"line":43,"column":46}}]},"1":{"loc":{"start":{"line":44,"column":17},"end":{"line":44,"column":42}},"type":"cond-expr","locations":[{"start":{"line":44,"column":27},"end":{"line":44,"column":31}},{"start":{"line":44,"column":34},"end":{"line":44,"column":42}}]}},"s":{"0":5,"1":5,"2":5,"3":5,"4":5,"5":5,"6":5,"7":145,"8":145,"9":145,"10":145,"11":5,"12":5},"f":{"0":145},"b":{"0":[145],"1":[0,145]}}
,"C:\\Users\\Ricky\\Desktop\\For Fun Projects\\Lovableproject\\healthy-photo-hub\\src\\components\\ui\\card.tsx": {"path":"C:\\Users\\Ricky\\Desktop\\For Fun Projects\\Lovableproject\\healthy-photo-hub\\src\\components\\ui\\card.tsx","statementMap":{"0":{"start":{"line":1,"column":0},"end":{"line":1,"column":30}},"1":{"start":{"line":3,"column":0},"end":{"line":3,"column":32}},"2":{"start":{"line":5,"column":13},"end":{"line":17,"column":2}},"3":{"start":{"line":8,"column":14},"end":{"line":8,"column":19}},"4":{"start":{"line":8,"column":24},"end":{"line":8,"column":28}},"5":{"start":{"line":8,"column":36},"end":{"line":17,"column":2}},"6":{"start":{"line":79,"column":9},"end":{"line":79,"column":13}},"7":{"start":{"line":18,"column":0},"end":{"line":18,"column":null}},"8":{"start":{"line":20,"column":19},"end":{"line":29,"column":2}},"9":{"start":{"line":23,"column":14},"end":{"line":23,"column":19}},"10":{"start":{"line":23,"column":24},"end":{"line":23,"column":28}},"11":{"start":{"line":23,"column":36},"end":{"line":29,"column":2}},"12":{"start":{"line":79,"column":15},"end":{"line":79,"column":25}},"13":{"start":{"line":30,"column":0},"end":{"line":30,"column":null}},"14":{"start":{"line":32,"column":18},"end":{"line":44,"column":2}},"15":{"start":{"line":35,"column":14},"end":{"line":35,"column":19}},"16":{"start":{"line":35,"column":24},"end":{"line":35,"column":28}},"17":{"start":{"line":35,"column":36},"end":{"line":44,"column":2}},"18":{"start":{"line":79,"column":39},"end":{"line":79,"column":48}},"19":{"start":{"line":45,"column":0},"end":{"line":45,"column":null}},"20":{"start":{"line":47,"column":24},"end":{"line":56,"column":2}},"21":{"start":{"line":50,"column":14},"end":{"line":50,"column":19}},"22":{"start":{"line":50,"column":24},"end":{"line":50,"column":28}},"23":{"start":{"line":50,"column":36},"end":{"line":56,"column":2}},"24":{"start":{"line":79,"column":50},"end":{"line":79,"column":65}},"25":{"start":{"line":57,"column":0},"end":{"line":57,"column":null}},"26":{"start":{"line":59,"column":20},"end":{"line":64,"column":2}},"27":{"start":{"line":62,"column":14},"end":{"line":62,"column":19}},"28":{"start":{"line":62,"column":24},"end":{"line":62,"column":28}},"29":{"start":{"line":62,"column":36},"end":{"line":64,"column":2}},"30":{"start":{"line":79,"column":67},"end":{"line":79,"column":78}},"31":{"start":{"line":65,"column":0},"end":{"line":65,"column":null}},"32":{"start":{"line":67,"column":19},"end":{"line":76,"column":2}},"33":{"start":{"line":70,"column":14},"end":{"line":70,"column":19}},"34":{"start":{"line":70,"column":24},"end":{"line":70,"column":28}},"35":{"start":{"line":70,"column":36},"end":{"line":76,"column":2}},"36":{"start":{"line":79,"column":27},"end":{"line":79,"column":37}},"37":{"start":{"line":77,"column":0},"end":{"line":77,"column":null}}},"fnMap":{"0":{"name":"(anonymous_7)","decl":{"start":{"line":8,"column":2},"end":{"line":8,"column":3}},"loc":{"start":{"line":8,"column":35},"end":{"line":17,"column":2}}},"1":{"name":"(anonymous_8)","decl":{"start":{"line":23,"column":2},"end":{"line":23,"column":3}},"loc":{"start":{"line":23,"column":35},"end":{"line":29,"column":2}}},"2":{"name":"(anonymous_9)","decl":{"start":{"line":35,"column":2},"end":{"line":35,"column":3}},"loc":{"start":{"line":35,"column":35},"end":{"line":44,"column":2}}},"3":{"name":"(anonymous_10)","decl":{"start":{"line":50,"column":2},"end":{"line":50,"column":3}},"loc":{"start":{"line":50,"column":35},"end":{"line":56,"column":2}}},"4":{"name":"(anonymous_11)","decl":{"start":{"line":62,"column":2},"end":{"line":62,"column":3}},"loc":{"start":{"line":62,"column":35},"end":{"line":64,"column":2}}},"5":{"name":"(anonymous_12)","decl":{"start":{"line":70,"column":2},"end":{"line":70,"column":3}},"loc":{"start":{"line":70,"column":35},"end":{"line":76,"column":2}}}},"branchMap":{},"s":{"0":7,"1":7,"2":7,"3":47,"4":47,"5":47,"6":7,"7":7,"8":7,"9":36,"10":36,"11":36,"12":7,"13":7,"14":7,"15":36,"16":36,"17":36,"18":7,"19":7,"20":7,"21":0,"22":0,"23":0,"24":7,"25":7,"26":7,"27":47,"28":47,"29":47,"30":7,"31":7,"32":7,"33":24,"34":24,"35":24,"36":7,"37":7},"f":{"0":47,"1":36,"2":36,"3":0,"4":47,"5":24},"b":{}}
,"C:\\Users\\Ricky\\Desktop\\For Fun Projects\\Lovableproject\\healthy-photo-hub\\src\\components\\ui\\image-skeleton.tsx": {"path":"C:\\Users\\Ricky\\Desktop\\For Fun Projects\\Lovableproject\\healthy-photo-hub\\src\\components\\ui\\image-skeleton.tsx","statementMap":{"0":{"start":{"line":1,"column":0},"end":{"line":1,"column":40}},"1":{"start":{"line":2,"column":0},"end":{"line":2,"column":33}},"2":{"start":{"line":3,"column":0},"end":{"line":3,"column":52}},"3":{"start":{"line":9,"column":63},"end":{"line":41,"column":1}},"4":{"start":{"line":13,"column":34},"end":{"line":13,"column":null}},"5":{"start":{"line":14,"column":10},"end":{"line":15,"column":3}},"6":{"start":{"line":16,"column":36},"end":{"line":16,"column":50}},"7":{"start":{"line":17,"column":28},"end":{"line":17,"column":43}},"8":{"start":{"line":19,"column":21},"end":{"line":19,"column":46}},"9":{"start":{"line":19,"column":27},"end":{"line":19,"column":46}},"10":{"start":{"line":20,"column":22},"end":{"line":23,"column":3}},"11":{"start":{"line":21,"column":4},"end":{"line":21,"column":24}},"12":{"start":{"line":22,"column":4},"end":{"line":22,"column":19}},"13":{"start":{"line":25,"column":2},"end":{"line":40,"column":4}},"14":{"start":{"line":9,"column":13},"end":{"line":9,"column":63}}},"fnMap":{"0":{"name":"(anonymous_7)","decl":{"start":{"line":9,"column":63},"end":{"line":9,"column":64}},"loc":{"start":{"line":15,"column":5},"end":{"line":41,"column":1}}},"1":{"name":"(anonymous_8)","decl":{"start":{"line":19,"column":21},"end":{"line":19,"column":24}},"loc":{"start":{"line":19,"column":27},"end":{"line":19,"column":46}}},"2":{"name":"(anonymous_9)","decl":{"start":{"line":20,"column":22},"end":{"line":20,"column":25}},"loc":{"start":{"line":20,"column":27},"end":{"line":23,"column":3}}}},"branchMap":{"0":{"loc":{"start":{"line":11,"column":2},"end":{"line":11,"column":10}},"type":"default-arg","locations":[{"start":{"line":11,"column":8},"end":{"line":11,"column":10}}]},"1":{"loc":{"start":{"line":13,"column":2},"end":{"line":13,"column":34}},"type":"default-arg","locations":[{"start":{"line":13,"column":16},"end":{"line":13,"column":34}}]},"2":{"loc":{"start":{"line":27,"column":7},"end":{"line":27,"column":73}},"type":"binary-expr","locations":[{"start":{"line":27,"column":7},"end":{"line":27,"column":16}},{"start":{"line":27,"column":20},"end":{"line":27,"column":73}}]},"3":{"loc":{"start":{"line":29,"column":13},"end":{"line":29,"column":38}},"type":"cond-expr","locations":[{"start":{"line":29,"column":21},"end":{"line":29,"column":32}},{"start":{"line":29,"column":35},"end":{"line":29,"column":38}}]},"4":{"loc":{"start":{"line":33,"column":10},"end":{"line":33,"column":49}},"type":"cond-expr","locations":[{"start":{"line":33,"column":22},"end":{"line":33,"column":33}},{"start":{"line":33,"column":36},"end":{"line":33,"column":49}}]}},"s":{"0":4,"1":4,"2":4,"3":4,"4":26,"5":26,"6":26,"7":26,"8":26,"9":3,"10":26,"11":4,"12":4,"13":26,"14":4},"f":{"0":26,"1":3,"2":4},"b":{"0":[0],"1":[24],"2":[26,19],"3":[5,21],"4":[19,7]}}
,"C:\\Users\\Ricky\\Desktop\\For Fun Projects\\Lovableproject\\healthy-photo-hub\\src\\components\\ui\\input.tsx": {"path":"C:\\Users\\Ricky\\Desktop\\For Fun Projects\\Lovableproject\\healthy-photo-hub\\src\\components\\ui\\input.tsx","statementMap":{"0":{"start":{"line":1,"column":0},"end":{"line":1,"column":30}},"1":{"start":{"line":3,"column":0},"end":{"line":3,"column":32}},"2":{"start":{"line":5,"column":14},"end":{"line":18,"column":null}},"3":{"start":{"line":6,"column":20},"end":{"line":6,"column":25}},"4":{"start":{"line":6,"column":30},"end":{"line":6,"column":34}},"5":{"start":{"line":7,"column":4},"end":{"line":17,"column":null}},"6":{"start":{"line":22,"column":9},"end":{"line":22,"column":14}},"7":{"start":{"line":20,"column":0},"end":{"line":20,"column":null}}},"fnMap":{"0":{"name":"(anonymous_7)","decl":{"start":{"line":6,"column":2},"end":{"line":6,"column":3}},"loc":{"start":{"line":6,"column":41},"end":{"line":18,"column":3}}}},"branchMap":{},"s":{"0":2,"1":2,"2":2,"3":16,"4":16,"5":16,"6":2,"7":2},"f":{"0":16},"b":{}}
,"C:\\Users\\Ricky\\Desktop\\For Fun Projects\\Lovableproject\\healthy-photo-hub\\src\\components\\ui\\loading-container.tsx": {"path":"C:\\Users\\Ricky\\Desktop\\For Fun Projects\\Lovableproject\\healthy-photo-hub\\src\\components\\ui\\loading-container.tsx","statementMap":{"0":{"start":{"line":1,"column":0},"end":{"line":1,"column":26}},"1":{"start":{"line":2,"column":0},"end":{"line":2,"column":33}},"2":{"start":{"line":3,"column":0},"end":{"line":3,"column":61}},"3":{"start":{"line":4,"column":0},"end":{"line":4,"column":78}},"4":{"start":{"line":12,"column":65},"end":{"line":27,"column":1}},"5":{"start":{"line":18,"column":4},"end":{"line":20,"column":15}},"6":{"start":{"line":22,"column":2},"end":{"line":26,"column":4}},"7":{"start":{"line":12,"column":13},"end":{"line":12,"column":65}}},"fnMap":{"0":{"name":"(anonymous_1)","decl":{"start":{"line":12,"column":65},"end":{"line":12,"column":66}},"loc":{"start":{"line":16,"column":5},"end":{"line":27,"column":1}}}},"branchMap":{"0":{"loc":{"start":{"line":13,"column":2},"end":{"line":13,"column":21}},"type":"default-arg","locations":[{"start":{"line":13,"column":12},"end":{"line":13,"column":21}}]},"1":{"loc":{"start":{"line":15,"column":2},"end":{"line":15,"column":13}},"type":"default-arg","locations":[{"start":{"line":15,"column":9},"end":{"line":15,"column":13}}]},"2":{"loc":{"start":{"line":18,"column":4},"end":{"line":20,"column":15}},"type":"cond-expr","locations":[{"start":{"line":19,"column":8},"end":{"line":19,"column":66}},{"start":{"line":20,"column":8},"end":{"line":20,"column":15}}]}},"s":{"0":5,"1":5,"2":5,"3":5,"4":5,"5":42,"6":42,"7":5},"f":{"0":42},"b":{"0":[0],"1":[42],"2":[42,0]}}
,"C:\\Users\\Ricky\\Desktop\\For Fun Projects\\Lovableproject\\healthy-photo-hub\\src\\components\\ui\\skeleton.tsx": {"path":"C:\\Users\\Ricky\\Desktop\\For Fun Projects\\Lovableproject\\healthy-photo-hub\\src\\components\\ui\\skeleton.tsx","statementMap":{"0":{"start":{"line":15,"column":9},"end":{"line":15,"column":17}},"1":{"start":{"line":1,"column":0},"end":{"line":1,"column":32}},"2":{"start":{"line":4,"column":11},"end":{"line":4,"column":null}},"3":{"start":{"line":5,"column":10},"end":{"line":6,"column":39}},"4":{"start":{"line":7,"column":2},"end":{"line":12,"column":null}}},"fnMap":{"0":{"name":"Skeleton","decl":{"start":{"line":3,"column":9},"end":{"line":3,"column":17}},"loc":{"start":{"line":6,"column":39},"end":{"line":13,"column":1}}}},"branchMap":{},"s":{"0":4,"1":4,"2":19,"3":19,"4":19},"f":{"0":19},"b":{}}
,"C:\\Users\\Ricky\\Desktop\\For Fun Projects\\Lovableproject\\healthy-photo-hub\\src\\context\\AuthContext.tsx": {"path":"C:\\Users\\Ricky\\Desktop\\For Fun Projects\\Lovableproject\\healthy-photo-hub\\src\\context\\AuthContext.tsx","statementMap":{"0":{"start":{"line":1,"column":0},"end":{"line":1,"column":26}},"1":{"start":{"line":2,"column":0},"end":{"line":2,"column":59}},"2":{"start":{"line":3,"column":0},"end":{"line":3,"column":54}},"3":{"start":{"line":4,"column":0},"end":{"line":4,"column":31}},"4":{"start":{"line":7,"column":69},"end":{"line":83,"column":1}},"5":{"start":{"line":10,"column":26},"end":{"line":11,"column":null}},"6":{"start":{"line":11,"column":10},"end":{"line":11,"column":54}},"7":{"start":{"line":13,"column":30},"end":{"line":15,"column":36}},"8":{"start":{"line":16,"column":28},"end":{"line":16,"column":62}},"9":{"start":{"line":17,"column":46},"end":{"line":17,"column":66}},"10":{"start":{"line":19,"column":2},"end":{"line":53,"column":9}},"11":{"start":{"line":20,"column":4},"end":{"line":24,"column":7}},"12":{"start":{"line":21,"column":6},"end":{"line":21,"column":35}},"13":{"start":{"line":22,"column":6},"end":{"line":22,"column":60}},"14":{"start":{"line":23,"column":6},"end":{"line":23,"column":31}},"15":{"start":{"line":26,"column":4},"end":{"line":32,"column":7}},"16":{"start":{"line":27,"column":6},"end":{"line":27,"column":28}},"17":{"start":{"line":28,"column":6},"end":{"line":28,"column":33}},"18":{"start":{"line":29,"column":6},"end":{"line":29,"column":30}},"19":{"start":{"line":30,"column":6},"end":{"line":30,"column":40}},"20":{"start":{"line":31,"column":6},"end":{"line":31,"column":37}},"21":{"start":{"line":34,"column":4},"end":{"line":38,"column":7}},"22":{"start":{"line":35,"column":6},"end":{"line":35,"column":20}},"23":{"start":{"line":36,"column":6},"end":{"line":36,"column":35}},"24":{"start":{"line":37,"column":6},"end":{"line":37,"column":47}},"25":{"start":{"line":40,"column":4},"end":{"line":43,"column":7}},"26":{"start":{"line":41,"column":6},"end":{"line":41,"column":20}},"27":{"start":{"line":42,"column":6},"end":{"line":42,"column":58}},"28":{"start":{"line":45,"column":4},"end":{"line":45,"column":27}},"29":{"start":{"line":47,"column":4},"end":{"line":52,"column":6}},"30":{"start":{"line":48,"column":6},"end":{"line":48,"column":34}},"31":{"start":{"line":49,"column":6},"end":{"line":49,"column":35}},"32":{"start":{"line":50,"column":6},"end":{"line":50,"column":36}},"33":{"start":{"line":51,"column":6},"end":{"line":51,"column":35}},"34":{"start":{"line":55,"column":16},"end":{"line":58,"column":3}},"35":{"start":{"line":56,"column":4},"end":{"line":56,"column":25}},"36":{"start":{"line":57,"column":4},"end":{"line":57,"column":34}},"37":{"start":{"line":60,"column":17},"end":{"line":63,"column":4}},"38":{"start":{"line":60,"column":28},"end":{"line":63,"column":4}},"39":{"start":{"line":61,"column":4},"end":{"line":61,"column":25}},"40":{"start":{"line":62,"column":4},"end":{"line":62,"column":29}},"41":{"start":{"line":65,"column":2},"end":{"line":82,"column":4}},"42":{"start":{"line":7,"column":13},"end":{"line":7,"column":69}}},"fnMap":{"0":{"name":"(anonymous_8)","decl":{"start":{"line":7,"column":69},"end":{"line":7,"column":70}},"loc":{"start":{"line":9,"column":5},"end":{"line":83,"column":1}}},"1":{"name":"(anonymous_9)","decl":{"start":{"line":11,"column":4},"end":{"line":11,"column":7}},"loc":{"start":{"line":11,"column":10},"end":{"line":11,"column":54}}},"2":{"name":"(anonymous_10)","decl":{"start":{"line":19,"column":18},"end":{"line":19,"column":21}},"loc":{"start":{"line":19,"column":23},"end":{"line":53,"column":3}}},"3":{"name":"(anonymous_11)","decl":{"start":{"line":20,"column":31},"end":{"line":20,"column":32}},"loc":{"start":{"line":20,"column":40},"end":{"line":24,"column":5}}},"4":{"name":"(anonymous_12)","decl":{"start":{"line":26,"column":32},"end":{"line":26,"column":33}},"loc":{"start":{"line":26,"column":41},"end":{"line":32,"column":5}}},"5":{"name":"(anonymous_13)","decl":{"start":{"line":34,"column":33},"end":{"line":34,"column":36}},"loc":{"start":{"line":34,"column":38},"end":{"line":38,"column":5}}},"6":{"name":"(anonymous_14)","decl":{"start":{"line":40,"column":32},"end":{"line":40,"column":33}},"loc":{"start":{"line":40,"column":40},"end":{"line":43,"column":5}}},"7":{"name":"(anonymous_15)","decl":{"start":{"line":47,"column":11},"end":{"line":47,"column":14}},"loc":{"start":{"line":47,"column":16},"end":{"line":52,"column":5}}},"8":{"name":"(anonymous_16)","decl":{"start":{"line":55,"column":16},"end":{"line":55,"column":19}},"loc":{"start":{"line":55,"column":21},"end":{"line":58,"column":3}}},"9":{"name":"(anonymous_17)","decl":{"start":{"line":60,"column":17},"end":{"line":60,"column":26}},"loc":{"start":{"line":60,"column":28},"end":{"line":63,"column":4}}},"10":{"name":"(anonymous_18)","decl":{"start":{"line":60,"column":28},"end":{"line":60,"column":null}},"loc":{"start":{"line":60,"column":28},"end":{"line":63,"column":3}}}},"branchMap":{"0":{"loc":{"start":{"line":15,"column":4},"end":{"line":15,"column":35}},"type":"cond-expr","locations":[{"start":{"line":15,"column":11},"end":{"line":15,"column":26}},{"start":{"line":15,"column":29},"end":{"line":15,"column":35}}]},"1":{"loc":{"start":{"line":22,"column":16},"end":{"line":22,"column":58}},"type":"cond-expr","locations":[{"start":{"line":22,"column":23},"end":{"line":22,"column":38}},{"start":{"line":22,"column":41},"end":{"line":22,"column":58}}]}},"s":{"0":5,"1":5,"2":5,"3":5,"4":5,"5":49,"6":47,"7":49,"8":49,"9":49,"10":49,"11":35,"12":0,"13":0,"14":0,"15":35,"16":0,"17":0,"18":0,"19":0,"20":0,"21":35,"22":0,"23":0,"24":0,"25":35,"26":2,"27":2,"28":35,"29":35,"30":35,"31":35,"32":35,"33":35,"34":49,"35":0,"36":0,"37":49,"38":0,"39":0,"40":0,"41":49,"42":5},"f":{"0":49,"1":47,"2":35,"3":0,"4":0,"5":0,"6":2,"7":35,"8":0,"9":0,"10":0},"b":{"0":[0,49],"1":[0,0]}}
,"C:\\Users\\Ricky\\Desktop\\For Fun Projects\\Lovableproject\\healthy-photo-hub\\src\\hooks\\use-api-queries.ts": {"path":"C:\\Users\\Ricky\\Desktop\\For Fun Projects\\Lovableproject\\healthy-photo-hub\\src\\hooks\\use-api-queries.ts","statementMap":{"0":{"start":{"line":4,"column":0},"end":{"line":4,"column":16}},"1":{"start":{"line":11,"column":0},"end":{"line":11,"column":16}},"2":{"start":{"line":18,"column":0},"end":{"line":18,"column":16}},"3":{"start":{"line":26,"column":0},"end":{"line":26,"column":16}},"4":{"start":{"line":34,"column":0},"end":{"line":34,"column":16}},"5":{"start":{"line":1,"column":0},"end":{"line":1,"column":49}},"6":{"start":{"line":2,"column":0},"end":{"line":2,"column":66}},"7":{"start":{"line":5,"column":2},"end":{"line":8,"column":5}},"8":{"start":{"line":7,"column":19},"end":{"line":7,"column":36}},"9":{"start":{"line":12,"column":2},"end":{"line":15,"column":5}},"10":{"start":{"line":14,"column":19},"end":{"line":14,"column":37}},"11":{"start":{"line":19,"column":2},"end":{"line":23,"column":5}},"12":{"start":{"line":21,"column":19},"end":{"line":21,"column":48}},"13":{"start":{"line":27,"column":2},"end":{"line":31,"column":5}},"14":{"start":{"line":29,"column":19},"end":{"line":29,"column":43}},"15":{"start":{"line":35,"column":2},"end":{"line":39,"column":5}},"16":{"start":{"line":37,"column":19},"end":{"line":37,"column":45}}},"fnMap":{"0":{"name":"useUsers","decl":{"start":{"line":4,"column":16},"end":{"line":4,"column":24}},"loc":{"start":{"line":4,"column":24},"end":{"line":9,"column":1}}},"1":{"name":"(anonymous_1)","decl":{"start":{"line":7,"column":13},"end":{"line":7,"column":16}},"loc":{"start":{"line":7,"column":19},"end":{"line":7,"column":36}}},"2":{"name":"useAlbums","decl":{"start":{"line":11,"column":16},"end":{"line":11,"column":25}},"loc":{"start":{"line":11,"column":25},"end":{"line":16,"column":1}}},"3":{"name":"(anonymous_3)","decl":{"start":{"line":14,"column":13},"end":{"line":14,"column":16}},"loc":{"start":{"line":14,"column":19},"end":{"line":14,"column":37}}},"4":{"name":"useUserAlbums","decl":{"start":{"line":18,"column":16},"end":{"line":18,"column":29}},"loc":{"start":{"line":18,"column":53},"end":{"line":24,"column":1}}},"5":{"name":"(anonymous_5)","decl":{"start":{"line":21,"column":13},"end":{"line":21,"column":16}},"loc":{"start":{"line":21,"column":19},"end":{"line":21,"column":48}}},"6":{"name":"useUser","decl":{"start":{"line":26,"column":16},"end":{"line":26,"column":23}},"loc":{"start":{"line":26,"column":47},"end":{"line":32,"column":1}}},"7":{"name":"(anonymous_7)","decl":{"start":{"line":29,"column":13},"end":{"line":29,"column":16}},"loc":{"start":{"line":29,"column":19},"end":{"line":29,"column":43}}},"8":{"name":"useAlbumDetails","decl":{"start":{"line":34,"column":16},"end":{"line":34,"column":31}},"loc":{"start":{"line":34,"column":56},"end":{"line":40,"column":1}}},"9":{"name":"(anonymous_9)","decl":{"start":{"line":37,"column":13},"end":{"line":37,"column":16}},"loc":{"start":{"line":37,"column":19},"end":{"line":37,"column":45}}}},"branchMap":{},"s":{"0":4,"1":4,"2":4,"3":4,"4":4,"5":4,"6":4,"7":16,"8":9,"9":16,"10":9,"11":19,"12":8,"13":35,"14":12,"15":16,"16":7},"f":{"0":16,"1":9,"2":16,"3":9,"4":19,"5":8,"6":35,"7":12,"8":16,"9":7},"b":{}}
,"C:\\Users\\Ricky\\Desktop\\For Fun Projects\\Lovableproject\\healthy-photo-hub\\src\\hooks\\use-auth.ts": {"path":"C:\\Users\\Ricky\\Desktop\\For Fun Projects\\Lovableproject\\healthy-photo-hub\\src\\hooks\\use-auth.ts","statementMap":{"0":{"start":{"line":4,"column":0},"end":{"line":4,"column":16}},"1":{"start":{"line":1,"column":0},"end":{"line":1,"column":54}},"2":{"start":{"line":2,"column":0},"end":{"line":2,"column":44}},"3":{"start":{"line":5,"column":26},"end":{"line":5,"column":71}},"4":{"start":{"line":5,"column":41},"end":{"line":5,"column":70}},"5":{"start":{"line":6,"column":46},"end":{"line":6,"column":60}},"6":{"start":{"line":8,"column":2},"end":{"line":29,"column":9}},"7":{"start":{"line":9,"column":4},"end":{"line":12,"column":7}},"8":{"start":{"line":10,"column":6},"end":{"line":10,"column":20}},"9":{"start":{"line":11,"column":6},"end":{"line":11,"column":31}},"10":{"start":{"line":14,"column":4},"end":{"line":18,"column":7}},"11":{"start":{"line":15,"column":6},"end":{"line":15,"column":20}},"12":{"start":{"line":16,"column":6},"end":{"line":16,"column":30}},"13":{"start":{"line":17,"column":6},"end":{"line":17,"column":37}},"14":{"start":{"line":20,"column":4},"end":{"line":20,"column":54}},"15":{"start":{"line":20,"column":39},"end":{"line":20,"column":52}},"16":{"start":{"line":22,"column":4},"end":{"line":22,"column":27}},"17":{"start":{"line":24,"column":4},"end":{"line":28,"column":6}},"18":{"start":{"line":25,"column":6},"end":{"line":25,"column":34}},"19":{"start":{"line":26,"column":6},"end":{"line":26,"column":35}},"20":{"start":{"line":27,"column":6},"end":{"line":27,"column":36}},"21":{"start":{"line":31,"column":2},"end":{"line":37,"column":4}},"22":{"start":{"line":35,"column":17},"end":{"line":35,"column":46}},"23":{"start":{"line":36,"column":18},"end":{"line":36,"column":42}}},"fnMap":{"0":{"name":"useAuth","decl":{"start":{"line":4,"column":16},"end":{"line":4,"column":23}},"loc":{"start":{"line":4,"column":23},"end":{"line":38,"column":1}}},"1":{"name":"(anonymous_2)","decl":{"start":{"line":5,"column":35},"end":{"line":5,"column":38}},"loc":{"start":{"line":5,"column":41},"end":{"line":5,"column":70}}},"2":{"name":"(anonymous_3)","decl":{"start":{"line":8,"column":12},"end":{"line":8,"column":15}},"loc":{"start":{"line":8,"column":17},"end":{"line":29,"column":3}}},"3":{"name":"(anonymous_4)","decl":{"start":{"line":9,"column":31},"end":{"line":9,"column":32}},"loc":{"start":{"line":9,"column":40},"end":{"line":12,"column":5}}},"4":{"name":"(anonymous_5)","decl":{"start":{"line":14,"column":32},"end":{"line":14,"column":33}},"loc":{"start":{"line":14,"column":41},"end":{"line":18,"column":5}}},"5":{"name":"(anonymous_6)","decl":{"start":{"line":20,"column":33},"end":{"line":20,"column":36}},"loc":{"start":{"line":20,"column":39},"end":{"line":20,"column":52}}},"6":{"name":"(anonymous_7)","decl":{"start":{"line":24,"column":11},"end":{"line":24,"column":14}},"loc":{"start":{"line":24,"column":16},"end":{"line":28,"column":5}}},"7":{"name":"(anonymous_8)","decl":{"start":{"line":35,"column":11},"end":{"line":35,"column":14}},"loc":{"start":{"line":35,"column":17},"end":{"line":35,"column":46}}},"8":{"name":"(anonymous_9)","decl":{"start":{"line":36,"column":12},"end":{"line":36,"column":15}},"loc":{"start":{"line":36,"column":18},"end":{"line":36,"column":42}}}},"branchMap":{},"s":{"0":8,"1":8,"2":8,"3":18,"4":16,"5":18,"6":18,"7":16,"8":2,"9":2,"10":16,"11":0,"12":0,"13":0,"14":16,"15":0,"16":16,"17":16,"18":16,"19":16,"20":16,"21":18,"22":2,"23":1},"f":{"0":18,"1":16,"2":16,"3":2,"4":0,"5":0,"6":16,"7":2,"8":1},"b":{}}
,"C:\\Users\\Ricky\\Desktop\\For Fun Projects\\Lovableproject\\healthy-photo-hub\\src\\hooks\\use-mobile.tsx": {"path":"C:\\Users\\Ricky\\Desktop\\For Fun Projects\\Lovableproject\\healthy-photo-hub\\src\\hooks\\use-mobile.tsx","statementMap":{"0":{"start":{"line":5,"column":0},"end":{"line":5,"column":16}},"1":{"start":{"line":1,"column":0},"end":{"line":1,"column":30}},"2":{"start":{"line":3,"column":26},"end":{"line":3,"column":29}},"3":{"start":{"line":6,"column":34},"end":{"line":6,"column":80}},"4":{"start":{"line":8,"column":2},"end":{"line":16,"column":null}},"5":{"start":{"line":9,"column":16},"end":{"line":9,"column":76}},"6":{"start":{"line":10,"column":21},"end":{"line":12,"column":5}},"7":{"start":{"line":11,"column":6},"end":{"line":11,"column":null}},"8":{"start":{"line":13,"column":4},"end":{"line":13,"column":null}},"9":{"start":{"line":14,"column":4},"end":{"line":14,"column":null}},"10":{"start":{"line":15,"column":4},"end":{"line":15,"column":null}},"11":{"start":{"line":15,"column":17},"end":{"line":15,"column":60}},"12":{"start":{"line":18,"column":2},"end":{"line":18,"column":null}}},"fnMap":{"0":{"name":"useIsMobile","decl":{"start":{"line":5,"column":16},"end":{"line":5,"column":27}},"loc":{"start":{"line":5,"column":27},"end":{"line":19,"column":1}}},"1":{"name":"(anonymous_7)","decl":{"start":{"line":8,"column":18},"end":{"line":8,"column":21}},"loc":{"start":{"line":8,"column":23},"end":{"line":16,"column":3}}},"2":{"name":"(anonymous_8)","decl":{"start":{"line":10,"column":21},"end":{"line":10,"column":24}},"loc":{"start":{"line":10,"column":26},"end":{"line":12,"column":5}}},"3":{"name":"(anonymous_9)","decl":{"start":{"line":15,"column":11},"end":{"line":15,"column":14}},"loc":{"start":{"line":15,"column":17},"end":{"line":15,"column":60}}}},"branchMap":{},"s":{"0":1,"1":1,"2":1,"3":29,"4":29,"5":14,"6":14,"7":1,"8":14,"9":14,"10":14,"11":14,"12":29},"f":{"0":29,"1":14,"2":1,"3":14},"b":{}}
,"C:\\Users\\Ricky\\Desktop\\For Fun Projects\\Lovableproject\\healthy-photo-hub\\src\\hooks\\use-toast.ts": {"path":"C:\\Users\\Ricky\\Desktop\\For Fun Projects\\Lovableproject\\healthy-photo-hub\\src\\hooks\\use-toast.ts","statementMap":{"0":{"start":{"line":191,"column":9},"end":{"line":191,"column":17}},"1":{"start":{"line":191,"column":19},"end":{"line":191,"column":24}},"2":{"start":{"line":1,"column":0},"end":{"line":1,"column":30}},"3":{"start":{"line":8,"column":20},"end":{"line":8,"column":21}},"4":{"start":{"line":9,"column":27},"end":{"line":9,"column":34}},"5":{"start":{"line":18,"column":20},"end":{"line":23,"column":null}},"6":{"start":{"line":25,"column":12},"end":{"line":25,"column":13}},"7":{"start":{"line":28,"column":2},"end":{"line":28,"column":null}},"8":{"start":{"line":29,"column":2},"end":{"line":29,"column":null}},"9":{"start":{"line":56,"column":22},"end":{"line":56,"column":70}},"10":{"start":{"line":58,"column":25},"end":{"line":72,"column":1}},"11":{"start":{"line":59,"column":2},"end":{"line":61,"column":3}},"12":{"start":{"line":60,"column":4},"end":{"line":60,"column":10}},"13":{"start":{"line":63,"column":18},"end":{"line":69,"column":24}},"14":{"start":{"line":64,"column":4},"end":{"line":64,"column":null}},"15":{"start":{"line":65,"column":4},"end":{"line":68,"column":null}},"16":{"start":{"line":71,"column":2},"end":{"line":71,"column":null}},"17":{"start":{"line":74,"column":23},"end":{"line":127,"column":1}},"18":{"start":{"line":75,"column":2},"end":{"line":126,"column":3}},"19":{"start":{"line":77,"column":6},"end":{"line":79,"column":null}},"20":{"start":{"line":83,"column":6},"end":{"line":87,"column":null}},"21":{"start":{"line":86,"column":10},"end":{"line":86,"column":66}},"22":{"start":{"line":91,"column":26},"end":{"line":91,"column":32}},"23":{"start":{"line":95,"column":6},"end":{"line":101,"column":7}},"24":{"start":{"line":96,"column":8},"end":{"line":96,"column":null}},"25":{"start":{"line":98,"column":8},"end":{"line":100,"column":null}},"26":{"start":{"line":99,"column":10},"end":{"line":99,"column":null}},"27":{"start":{"line":103,"column":6},"end":{"line":112,"column":null}},"28":{"start":{"line":106,"column":10},"end":{"line":111,"column":15}},"29":{"start":{"line":116,"column":6},"end":{"line":121,"column":7}},"30":{"start":{"line":117,"column":8},"end":{"line":119,"column":null}},"31":{"start":{"line":122,"column":6},"end":{"line":124,"column":null}},"32":{"start":{"line":124,"column":43},"end":{"line":124,"column":66}},"33":{"start":{"line":74,"column":13},"end":{"line":74,"column":23}},"34":{"start":{"line":129,"column":49},"end":{"line":129,"column":51}},"35":{"start":{"line":131,"column":25},"end":{"line":131,"column":39}},"36":{"start":{"line":134,"column":2},"end":{"line":134,"column":null}},"37":{"start":{"line":135,"column":2},"end":{"line":137,"column":null}},"38":{"start":{"line":136,"column":4},"end":{"line":136,"column":null}},"39":{"start":{"line":142,"column":25},"end":{"line":142,"column":34}},"40":{"start":{"line":143,"column":13},"end":{"line":143,"column":20}},"41":{"start":{"line":145,"column":17},"end":{"line":149,"column":6}},"42":{"start":{"line":146,"column":4},"end":{"line":149,"column":6}},"43":{"start":{"line":150,"column":18},"end":{"line":150,"column":72}},"44":{"start":{"line":150,"column":24},"end":{"line":150,"column":72}},"45":{"start":{"line":152,"column":2},"end":{"line":162,"column":null}},"46":{"start":{"line":159,"column":8},"end":{"line":159,"column":null}},"47":{"start":{"line":159,"column":19},"end":{"line":159,"column":null}},"48":{"start":{"line":164,"column":2},"end":{"line":168,"column":null}},"49":{"start":{"line":172,"column":28},"end":{"line":172,"column":62}},"50":{"start":{"line":174,"column":2},"end":{"line":182,"column":null}},"51":{"start":{"line":175,"column":4},"end":{"line":175,"column":null}},"52":{"start":{"line":176,"column":4},"end":{"line":181,"column":null}},"53":{"start":{"line":177,"column":20},"end":{"line":177,"column":47}},"54":{"start":{"line":178,"column":6},"end":{"line":180,"column":7}},"55":{"start":{"line":179,"column":8},"end":{"line":179,"column":null}},"56":{"start":{"line":184,"column":2},"end":{"line":187,"column":null}},"57":{"start":{"line":187,"column":35},"end":{"line":187,"column":79}}},"fnMap":{"0":{"name":"genId","decl":{"start":{"line":27,"column":9},"end":{"line":27,"column":14}},"loc":{"start":{"line":27,"column":14},"end":{"line":30,"column":1}}},"1":{"name":"(anonymous_8)","decl":{"start":{"line":58,"column":25},"end":{"line":58,"column":26}},"loc":{"start":{"line":58,"column":45},"end":{"line":72,"column":1}}},"2":{"name":"(anonymous_9)","decl":{"start":{"line":63,"column":29},"end":{"line":63,"column":32}},"loc":{"start":{"line":63,"column":34},"end":{"line":69,"column":3}}},"3":{"name":"(anonymous_10)","decl":{"start":{"line":74,"column":23},"end":{"line":74,"column":24}},"loc":{"start":{"line":74,"column":63},"end":{"line":127,"column":1}}},"4":{"name":"(anonymous_11)","decl":{"start":{"line":85,"column":33},"end":{"line":85,"column":34}},"loc":{"start":{"line":86,"column":10},"end":{"line":86,"column":66}}},"5":{"name":"(anonymous_12)","decl":{"start":{"line":98,"column":29},"end":{"line":98,"column":30}},"loc":{"start":{"line":98,"column":39},"end":{"line":100,"column":9}}},"6":{"name":"(anonymous_13)","decl":{"start":{"line":105,"column":33},"end":{"line":105,"column":34}},"loc":{"start":{"line":106,"column":10},"end":{"line":111,"column":15}}},"7":{"name":"(anonymous_14)","decl":{"start":{"line":124,"column":36},"end":{"line":124,"column":37}},"loc":{"start":{"line":124,"column":43},"end":{"line":124,"column":66}}},"8":{"name":"dispatch","decl":{"start":{"line":133,"column":9},"end":{"line":133,"column":17}},"loc":{"start":{"line":133,"column":32},"end":{"line":138,"column":1}}},"9":{"name":"(anonymous_16)","decl":{"start":{"line":135,"column":20},"end":{"line":135,"column":21}},"loc":{"start":{"line":135,"column":33},"end":{"line":137,"column":3}}},"10":{"name":"toast","decl":{"start":{"line":142,"column":9},"end":{"line":142,"column":14}},"loc":{"start":{"line":142,"column":34},"end":{"line":169,"column":1}}},"11":{"name":"(anonymous_18)","decl":{"start":{"line":145,"column":17},"end":{"line":145,"column":18}},"loc":{"start":{"line":146,"column":4},"end":{"line":149,"column":6}}},"12":{"name":"(anonymous_19)","decl":{"start":{"line":150,"column":18},"end":{"line":150,"column":21}},"loc":{"start":{"line":150,"column":24},"end":{"line":150,"column":72}}},"13":{"name":"(anonymous_20)","decl":{"start":{"line":158,"column":20},"end":{"line":158,"column":21}},"loc":{"start":{"line":158,"column":29},"end":{"line":160,"column":7}}},"14":{"name":"useToast","decl":{"start":{"line":171,"column":9},"end":{"line":171,"column":17}},"loc":{"start":{"line":171,"column":17},"end":{"line":189,"column":1}}},"15":{"name":"(anonymous_22)","decl":{"start":{"line":174,"column":18},"end":{"line":174,"column":21}},"loc":{"start":{"line":174,"column":23},"end":{"line":182,"column":3}}},"16":{"name":"(anonymous_23)","decl":{"start":{"line":176,"column":11},"end":{"line":176,"column":14}},"loc":{"start":{"line":176,"column":16},"end":{"line":181,"column":5}}},"17":{"name":"(anonymous_24)","decl":{"start":{"line":187,"column":13},"end":{"line":187,"column":14}},"loc":{"start":{"line":187,"column":35},"end":{"line":187,"column":79}}}},"branchMap":{"0":{"loc":{"start":{"line":59,"column":2},"end":{"line":61,"column":3}},"type":"if","locations":[{"start":{"line":59,"column":2},"end":{"line":61,"column":3}}]},"1":{"loc":{"start":{"line":75,"column":2},"end":{"line":126,"column":3}},"type":"switch","locations":[{"start":{"line":76,"column":4},"end":{"line":79,"column":null}},{"start":{"line":82,"column":4},"end":{"line":87,"column":null}},{"start":{"line":90,"column":4},"end":{"line":114,"column":5}},{"start":{"line":115,"column":4},"end":{"line":124,"column":null}}]},"2":{"loc":{"start":{"line":86,"column":10},"end":{"line":86,"column":66}},"type":"cond-expr","locations":[{"start":{"line":86,"column":36},"end":{"line":86,"column":63}},{"start":{"line":86,"column":65},"end":{"line":86,"column":66}}]},"3":{"loc":{"start":{"line":95,"column":6},"end":{"line":101,"column":7}},"type":"if","locations":[{"start":{"line":95,"column":6},"end":{"line":101,"column":7}},{"start":{"line":97,"column":13},"end":{"line":101,"column":7}}]},"4":{"loc":{"start":{"line":106,"column":10},"end":{"line":111,"column":15}},"type":"cond-expr","locations":[{"start":{"line":107,"column":13},"end":{"line":109,"column":null}},{"start":{"line":111,"column":14},"end":{"line":111,"column":15}}]},"5":{"loc":{"start":{"line":106,"column":10},"end":{"line":106,"column":51}},"type":"binary-expr","locations":[{"start":{"line":106,"column":10},"end":{"line":106,"column":26}},{"start":{"line":106,"column":30},"end":{"line":106,"column":51}}]},"6":{"loc":{"start":{"line":116,"column":6},"end":{"line":121,"column":7}},"type":"if","locations":[{"start":{"line":116,"column":6},"end":{"line":121,"column":7}}]},"7":{"loc":{"start":{"line":159,"column":8},"end":{"line":159,"column":null}},"type":"if","locations":[{"start":{"line":159,"column":8},"end":{"line":159,"column":null}}]},"8":{"loc":{"start":{"line":178,"column":6},"end":{"line":180,"column":7}},"type":"if","locations":[{"start":{"line":178,"column":6},"end":{"line":180,"column":7}}]}},"s":{"0":2,"1":2,"2":2,"3":2,"4":2,"5":2,"6":2,"7":36,"8":36,"9":2,"10":2,"11":28,"12":9,"13":19,"14":6,"15":6,"16":19,"17":2,"18":75,"19":37,"20":2,"21":2,"22":28,"23":28,"24":15,"25":13,"26":13,"27":28,"28":29,"29":8,"30":1,"31":7,"32":8,"33":2,"34":2,"35":2,"36":69,"37":69,"38":89,"39":36,"40":36,"41":36,"42":1,"43":36,"44":1,"45":36,"46":1,"47":1,"48":36,"49":92,"50":92,"51":92,"52":92,"53":92,"54":92,"55":92,"56":92,"57":25},"f":{"0":36,"1":28,"2":6,"3":75,"4":2,"5":13,"6":29,"7":8,"8":69,"9":89,"10":36,"11":1,"12":1,"13":1,"14":92,"15":92,"16":92,"17":25},"b":{"0":[9],"1":[37,2,28,8],"2":[2,0],"3":[15,13],"4":[28,1],"5":[29,14],"6":[1],"7":[1],"8":[92]}}
,"C:\\Users\\Ricky\\Desktop\\For Fun Projects\\Lovableproject\\healthy-photo-hub\\src\\lib\\constants.ts": {"path":"C:\\Users\\Ricky\\Desktop\\For Fun Projects\\Lovableproject\\healthy-photo-hub\\src\\lib\\constants.ts","statementMap":{"0":{"start":{"line":1,"column":13},"end":{"line":8,"column":11}},"1":{"start":{"line":10,"column":13},"end":{"line":11,"column":42}}},"fnMap":{},"branchMap":{},"s":{"0":5,"1":5},"f":{},"b":{}}
,"C:\\Users\\Ricky\\Desktop\\For Fun Projects\\Lovableproject\\healthy-photo-hub\\src\\lib\\utils.ts": {"path":"C:\\Users\\Ricky\\Desktop\\For Fun Projects\\Lovableproject\\healthy-photo-hub\\src\\lib\\utils.ts","statementMap":{"0":{"start":{"line":4,"column":0},"end":{"line":4,"column":16}},"1":{"start":{"line":8,"column":0},"end":{"line":8,"column":16}},"2":{"start":{"line":22,"column":0},"end":{"line":22,"column":16}},"3":{"start":{"line":39,"column":0},"end":{"line":39,"column":16}},"4":{"start":{"line":49,"column":0},"end":{"line":49,"column":16}},"5":{"start":{"line":1,"column":0},"end":{"line":1,"column":45}},"6":{"start":{"line":2,"column":0},"end":{"line":2,"column":41}},"7":{"start":{"line":5,"column":2},"end":{"line":5,"column":31}},"8":{"start":{"line":9,"column":2},"end":{"line":19,"column":3}},"9":{"start":{"line":10,"column":14},"end":{"line":10,"column":28}},"10":{"start":{"line":11,"column":4},"end":{"line":11,"column":51}},"11":{"start":{"line":11,"column":28},"end":{"line":11,"column":51}},"12":{"start":{"line":12,"column":4},"end":{"line":16,"column":7}},"13":{"start":{"line":18,"column":4},"end":{"line":18,"column":27}},"14":{"start":{"line":27,"column":2},"end":{"line":27,"column":53}},"15":{"start":{"line":27,"column":41},"end":{"line":27,"column":53}},"16":{"start":{"line":30,"column":16},"end":{"line":30,"column":43}},"17":{"start":{"line":31,"column":20},"end":{"line":31,"column":57}},"18":{"start":{"line":34,"column":17},"end":{"line":34,"column":58}},"19":{"start":{"line":36,"column":2},"end":{"line":36,"column":42}},"20":{"start":{"line":40,"column":2},"end":{"line":40,"column":27}},"21":{"start":{"line":40,"column":14},"end":{"line":40,"column":27}},"22":{"start":{"line":43,"column":4},"end":{"line":43,"column":138}},"23":{"start":{"line":44,"column":2},"end":{"line":44,"column":32}},"24":{"start":{"line":53,"column":39},"end":{"line":53,"column":43}},"25":{"start":{"line":55,"column":2},"end":{"line":62,"column":4}},"26":{"start":{"line":56,"column":4},"end":{"line":56,"column":39}},"27":{"start":{"line":56,"column":17},"end":{"line":56,"column":39}},"28":{"start":{"line":58,"column":4},"end":{"line":61,"column":13}},"29":{"start":{"line":59,"column":6},"end":{"line":59,"column":20}},"30":{"start":{"line":60,"column":6},"end":{"line":60,"column":21}}},"fnMap":{"0":{"name":"cn","decl":{"start":{"line":4,"column":16},"end":{"line":4,"column":18}},"loc":{"start":{"line":4,"column":42},"end":{"line":6,"column":1}}},"1":{"name":"formatDate","decl":{"start":{"line":8,"column":16},"end":{"line":8,"column":26}},"loc":{"start":{"line":8,"column":46},"end":{"line":20,"column":1}}},"2":{"name":"truncateText","decl":{"start":{"line":22,"column":16},"end":{"line":22,"column":28}},"loc":{"start":{"line":25,"column":26},"end":{"line":37,"column":1}}},"3":{"name":"isValidEmail","decl":{"start":{"line":39,"column":16},"end":{"line":39,"column":28}},"loc":{"start":{"line":39,"column":42},"end":{"line":45,"column":1}}},"4":{"name":"debounce","decl":{"start":{"line":49,"column":16},"end":{"line":49,"column":24}},"loc":{"start":{"line":51,"column":14},"end":{"line":63,"column":1}}},"5":{"name":"(anonymous_5)","decl":{"start":{"line":55,"column":9},"end":{"line":55,"column":10}},"loc":{"start":{"line":55,"column":36},"end":{"line":62,"column":3}}},"6":{"name":"(anonymous_6)","decl":{"start":{"line":58,"column":25},"end":{"line":58,"column":28}},"loc":{"start":{"line":58,"column":30},"end":{"line":61,"column":5}}}},"branchMap":{"0":{"loc":{"start":{"line":11,"column":4},"end":{"line":11,"column":51}},"type":"if","locations":[{"start":{"line":11,"column":4},"end":{"line":11,"column":51}}]},"1":{"loc":{"start":{"line":25,"column":2},"end":{"line":25,"column":26}},"type":"default-arg","locations":[{"start":{"line":25,"column":21},"end":{"line":25,"column":26}}]},"2":{"loc":{"start":{"line":27,"column":2},"end":{"line":27,"column":53}},"type":"if","locations":[{"start":{"line":27,"column":2},"end":{"line":27,"column":53}}]},"3":{"loc":{"start":{"line":27,"column":6},"end":{"line":27,"column":39}},"type":"binary-expr","locations":[{"start":{"line":27,"column":6},"end":{"line":27,"column":11}},{"start":{"line":27,"column":15},"end":{"line":27,"column":39}}]},"4":{"loc":{"start":{"line":34,"column":17},"end":{"line":34,"column":58}},"type":"cond-expr","locations":[{"start":{"line":34,"column":41},"end":{"line":34,"column":50}},{"start":{"line":34,"column":53},"end":{"line":34,"column":58}}]},"5":{"loc":{"start":{"line":40,"column":2},"end":{"line":40,"column":27}},"type":"if","locations":[{"start":{"line":40,"column":2},"end":{"line":40,"column":27}}]},"6":{"loc":{"start":{"line":56,"column":4},"end":{"line":56,"column":39}},"type":"if","locations":[{"start":{"line":56,"column":4},"end":{"line":56,"column":39}}]}},"s":{"0":11,"1":11,"2":11,"3":11,"4":11,"5":11,"6":11,"7":638,"8":3,"9":3,"10":3,"11":1,"12":2,"13":0,"14":4,"15":2,"16":2,"17":2,"18":2,"19":2,"20":9,"21":3,"22":6,"23":6,"24":3,"25":3,"26":7,"27":4,"28":7,"29":3,"30":2},"f":{"0":638,"1":3,"2":4,"3":9,"4":3,"5":7,"6":3},"b":{"0":[1],"1":[3],"2":[2],"3":[4,3],"4":[2,0],"5":[3],"6":[4]}}
,"C:\\Users\\Ricky\\Desktop\\For Fun Projects\\Lovableproject\\healthy-photo-hub\\src\\mocks\\handlers.ts": {"path":"C:\\Users\\Ricky\\Desktop\\For Fun Projects\\Lovableproject\\healthy-photo-hub\\src\\mocks\\handlers.ts","statementMap":{"0":{"start":{"line":1,"column":0},"end":{"line":1,"column":41}},"1":{"start":{"line":8,"column":13},"end":{"line":125,"column":2}},"2":{"start":{"line":11,"column":4},"end":{"line":15,"column":7}},"3":{"start":{"line":20,"column":4},"end":{"line":25,"column":7}},"4":{"start":{"line":30,"column":4},"end":{"line":37,"column":7}},"5":{"start":{"line":42,"column":4},"end":{"line":48,"column":7}},"6":{"start":{"line":53,"column":23},"end":{"line":53,"column":59}},"7":{"start":{"line":54,"column":4},"end":{"line":56,"column":5}},"8":{"start":{"line":55,"column":6},"end":{"line":55,"column":53}},"9":{"start":{"line":57,"column":4},"end":{"line":63,"column":7}},"10":{"start":{"line":68,"column":4},"end":{"line":76,"column":6}},"11":{"start":{"line":69,"column":44},"end":{"line":75,"column":8}},"12":{"start":{"line":81,"column":4},"end":{"line":87,"column":7}},"13":{"start":{"line":94,"column":6},"end":{"line":102,"column":8}},"14":{"start":{"line":95,"column":45},"end":{"line":101,"column":10}},"15":{"start":{"line":109,"column":34},"end":{"line":123,"column":null}},"16":{"start":{"line":110,"column":20},"end":{"line":110,"column":40}},"17":{"start":{"line":111,"column":6},"end":{"line":114,"column":9}},"18":{"start":{"line":116,"column":6},"end":{"line":122,"column":9}}},"fnMap":{"0":{"name":"(anonymous_7)","decl":{"start":{"line":10,"column":59},"end":{"line":10,"column":62}},"loc":{"start":{"line":10,"column":64},"end":{"line":16,"column":3}}},"1":{"name":"(anonymous_8)","decl":{"start":{"line":19,"column":42},"end":{"line":19,"column":45}},"loc":{"start":{"line":19,"column":47},"end":{"line":26,"column":3}}},"2":{"name":"(anonymous_9)","decl":{"start":{"line":29,"column":49},"end":{"line":29,"column":52}},"loc":{"start":{"line":29,"column":54},"end":{"line":38,"column":3}}},"3":{"name":"(anonymous_10)","decl":{"start":{"line":41,"column":51},"end":{"line":41,"column":54}},"loc":{"start":{"line":41,"column":56},"end":{"line":49,"column":3}}},"4":{"name":"(anonymous_11)","decl":{"start":{"line":52,"column":60},"end":{"line":52,"column":61}},"loc":{"start":{"line":52,"column":76},"end":{"line":64,"column":3}}},"5":{"name":"(anonymous_12)","decl":{"start":{"line":67,"column":58},"end":{"line":67,"column":61}},"loc":{"start":{"line":67,"column":63},"end":{"line":77,"column":3}}},"6":{"name":"(anonymous_13)","decl":{"start":{"line":69,"column":33},"end":{"line":69,"column":34}},"loc":{"start":{"line":69,"column":44},"end":{"line":75,"column":8}}},"7":{"name":"(anonymous_14)","decl":{"start":{"line":80,"column":62},"end":{"line":80,"column":63}},"loc":{"start":{"line":80,"column":77},"end":{"line":88,"column":3}}},"8":{"name":"(anonymous_15)","decl":{"start":{"line":93,"column":4},"end":{"line":93,"column":5}},"loc":{"start":{"line":93,"column":19},"end":{"line":103,"column":5}}},"9":{"name":"(anonymous_16)","decl":{"start":{"line":95,"column":34},"end":{"line":95,"column":35}},"loc":{"start":{"line":95,"column":45},"end":{"line":101,"column":10}}},"10":{"name":"(anonymous_17)","decl":{"start":{"line":109,"column":4},"end":{"line":109,"column":11}},"loc":{"start":{"line":109,"column":34},"end":{"line":123,"column":null}}},"11":{"name":"(anonymous_18)","decl":{"start":{"line":109,"column":34},"end":{"line":109,"column":null}},"loc":{"start":{"line":109,"column":30},"end":{"line":123,"column":5}}}},"branchMap":{"0":{"loc":{"start":{"line":54,"column":4},"end":{"line":56,"column":5}},"type":"if","locations":[{"start":{"line":54,"column":4},"end":{"line":56,"column":5}}]}},"s":{"0":20,"1":20,"2":0,"3":0,"4":0,"5":0,"6":0,"7":0,"8":0,"9":0,"10":0,"11":0,"12":0,"13":0,"14":0,"15":0,"16":0,"17":0,"18":0},"f":{"0":0,"1":0,"2":0,"3":0,"4":0,"5":0,"6":0,"7":0,"8":0,"9":0,"10":0,"11":0},"b":{"0":[0]}}
,"C:\\Users\\Ricky\\Desktop\\For Fun Projects\\Lovableproject\\healthy-photo-hub\\src\\mocks\\importMetaMock.ts": {"path":"C:\\Users\\Ricky\\Desktop\\For Fun Projects\\Lovableproject\\healthy-photo-hub\\src\\mocks\\importMetaMock.ts","statementMap":{"0":{"start":{"line":1,"column":23},"end":{"line":11,"column":2}},"1":{"start":{"line":13,"column":0},"end":{"line":13,"column":30}}},"fnMap":{},"branchMap":{},"s":{"0":20,"1":20},"f":{},"b":{}}
,"C:\\Users\\Ricky\\Desktop\\For Fun Projects\\Lovableproject\\healthy-photo-hub\\src\\mocks\\server.ts": {"path":"C:\\Users\\Ricky\\Desktop\\For Fun Projects\\Lovableproject\\healthy-photo-hub\\src\\mocks\\server.ts","statementMap":{"0":{"start":{"line":1,"column":0},"end":{"line":1,"column":39}},"1":{"start":{"line":2,"column":0},"end":{"line":2,"column":38}},"2":{"start":{"line":4,"column":13},"end":{"line":4,"column":47}}},"fnMap":{},"branchMap":{},"s":{"0":20,"1":20,"2":20},"f":{},"b":{}}
,"C:\\Users\\Ricky\\Desktop\\For Fun Projects\\Lovableproject\\healthy-photo-hub\\src\\pages\\AlbumDetails.tsx": {"path":"C:\\Users\\Ricky\\Desktop\\For Fun Projects\\Lovableproject\\healthy-photo-hub\\src\\pages\\AlbumDetails.tsx","statementMap":{"0":{"start":{"line":1,"column":0},"end":{"line":1,"column":26}},"1":{"start":{"line":2,"column":0},"end":{"line":2,"column":64}},"2":{"start":{"line":3,"column":0},"end":{"line":3,"column":45}},"3":{"start":{"line":4,"column":0},"end":{"line":4,"column":47}},"4":{"start":{"line":5,"column":0},"end":{"line":5,"column":43}},"5":{"start":{"line":6,"column":0},"end":{"line":6,"column":43}},"6":{"start":{"line":7,"column":0},"end":{"line":7,"column":66}},"7":{"start":{"line":8,"column":0},"end":{"line":8,"column":48}},"8":{"start":{"line":9,"column":0},"end":{"line":9,"column":80}},"9":{"start":{"line":10,"column":0},"end":{"line":10,"column":69}},"10":{"start":{"line":11,"column":0},"end":{"line":11,"column":67}},"11":{"start":{"line":12,"column":0},"end":{"line":12,"column":49}},"12":{"start":{"line":14,"column":21},"end":{"line":155,"column":1}},"13":{"start":{"line":15,"column":22},"end":{"line":15,"column":54}},"14":{"start":{"line":16,"column":30},"end":{"line":16,"column":39}},"15":{"start":{"line":17,"column":19},"end":{"line":17,"column":32}},"16":{"start":{"line":20,"column":2},"end":{"line":24,"column":34}},"17":{"start":{"line":21,"column":4},"end":{"line":23,"column":5}},"18":{"start":{"line":22,"column":6},"end":{"line":22,"column":25}},"19":{"start":{"line":31,"column":6},"end":{"line":31,"column":31}},"20":{"start":{"line":38,"column":6},"end":{"line":38,"column":34}},"21":{"start":{"line":45,"column":6},"end":{"line":49,"column":4}},"22":{"start":{"line":47,"column":19},"end":{"line":47,"column":51}},"23":{"start":{"line":51,"column":20},"end":{"line":51,"column":70}},"24":{"start":{"line":52,"column":16},"end":{"line":52,"column":54}},"25":{"start":{"line":54,"column":2},"end":{"line":57,"column":3}},"26":{"start":{"line":55,"column":4},"end":{"line":55,"column":22}},"27":{"start":{"line":56,"column":4},"end":{"line":56,"column":16}},"28":{"start":{"line":59,"column":2},"end":{"line":154,"column":4}},"29":{"start":{"line":85,"column":52},"end":{"line":85,"column":69}},"30":{"start":{"line":125,"column":18},"end":{"line":125,"column":44}},"31":{"start":{"line":138,"column":52},"end":{"line":138,"column":69}},"32":{"start":{"line":157,"column":0},"end":{"line":157,"column":28}}},"fnMap":{"0":{"name":"(anonymous_1)","decl":{"start":{"line":14,"column":21},"end":{"line":14,"column":24}},"loc":{"start":{"line":14,"column":26},"end":{"line":155,"column":1}}},"1":{"name":"(anonymous_2)","decl":{"start":{"line":20,"column":18},"end":{"line":20,"column":21}},"loc":{"start":{"line":20,"column":23},"end":{"line":24,"column":3}}},"2":{"name":"(anonymous_3)","decl":{"start":{"line":47,"column":13},"end":{"line":47,"column":16}},"loc":{"start":{"line":47,"column":19},"end":{"line":47,"column":51}}},"3":{"name":"(anonymous_4)","decl":{"start":{"line":85,"column":46},"end":{"line":85,"column":49}},"loc":{"start":{"line":85,"column":52},"end":{"line":85,"column":69}}},"4":{"name":"(anonymous_5)","decl":{"start":{"line":124,"column":28},"end":{"line":124,"column":29}},"loc":{"start":{"line":125,"column":18},"end":{"line":125,"column":44}}},"5":{"name":"(anonymous_6)","decl":{"start":{"line":138,"column":46},"end":{"line":138,"column":49}},"loc":{"start":{"line":138,"column":52},"end":{"line":138,"column":69}}}},"branchMap":{"0":{"loc":{"start":{"line":21,"column":4},"end":{"line":23,"column":5}},"type":"if","locations":[{"start":{"line":21,"column":4},"end":{"line":23,"column":5}}]},"1":{"loc":{"start":{"line":38,"column":14},"end":{"line":38,"column":33}},"type":"cond-expr","locations":[{"start":{"line":38,"column":27},"end":{"line":38,"column":31}},{"start":{"line":38,"column":31},"end":{"line":38,"column":33}}]},"2":{"loc":{"start":{"line":38,"column":14},"end":{"line":38,"column":31}},"type":"binary-expr","locations":[{"start":{"line":38,"column":14},"end":{"line":38,"column":31}},{"start":{"line":38,"column":27},"end":{"line":38,"column":31}}]},"3":{"loc":{"start":{"line":38,"column":14},"end":{"line":38,"column":27}},"type":"cond-expr","locations":[{"start":{"line":38,"column":19},"end":{"line":38,"column":21}},{"start":{"line":38,"column":14},"end":{"line":38,"column":27}}]},"4":{"loc":{"start":{"line":38,"column":14},"end":{"line":38,"column":21}},"type":"binary-expr","locations":[{"start":{"line":38,"column":14},"end":{"line":38,"column":21}},{"start":{"line":38,"column":14},"end":{"line":38,"column":21}}]},"5":{"loc":{"start":{"line":42,"column":10},"end":{"line":42,"column":21}},"type":"default-arg","locations":[{"start":{"line":42,"column":19},"end":{"line":42,"column":21}}]},"6":{"loc":{"start":{"line":51,"column":20},"end":{"line":51,"column":70}},"type":"binary-expr","locations":[{"start":{"line":51,"column":20},"end":{"line":51,"column":34}},{"start":{"line":51,"column":38},"end":{"line":51,"column":51}},{"start":{"line":51,"column":55},"end":{"line":51,"column":70}}]},"7":{"loc":{"start":{"line":52,"column":16},"end":{"line":52,"column":54}},"type":"binary-expr","locations":[{"start":{"line":52,"column":16},"end":{"line":52,"column":26}},{"start":{"line":52,"column":30},"end":{"line":52,"column":39}},{"start":{"line":52,"column":43},"end":{"line":52,"column":54}}]},"8":{"loc":{"start":{"line":54,"column":2},"end":{"line":57,"column":3}},"type":"if","locations":[{"start":{"line":54,"column":2},"end":{"line":57,"column":3}}]},"9":{"loc":{"start":{"line":64,"column":9},"end":{"line":70,"column":null}},"type":"binary-expr","locations":[{"start":{"line":64,"column":9},"end":{"line":64,"column":13}},{"start":{"line":65,"column":10},"end":{"line":69,"column":null}}]},"10":{"loc":{"start":{"line":73,"column":9},"end":{"line":141,"column":null}},"type":"cond-expr","locations":[{"start":{"line":74,"column":10},"end":{"line":74,"column":47}},{"start":{"line":75,"column":12},"end":{"line":141,"column":null}}]},"11":{"loc":{"start":{"line":75,"column":12},"end":{"line":141,"column":null}},"type":"cond-expr","locations":[{"start":{"line":76,"column":10},"end":{"line":87,"column":null}},{"start":{"line":89,"column":12},"end":{"line":141,"column":null}}]},"12":{"loc":{"start":{"line":81,"column":15},"end":{"line":83,"column":52}},"type":"cond-expr","locations":[{"start":{"line":82,"column":18},"end":{"line":82,"column":31}},{"start":{"line":83,"column":18},"end":{"line":83,"column":52}}]},"13":{"loc":{"start":{"line":89,"column":12},"end":{"line":141,"column":null}},"type":"cond-expr","locations":[{"start":{"line":90,"column":10},"end":{"line":128,"column":null}},{"start":{"line":131,"column":10},"end":{"line":140,"column":null}}]},"14":{"loc":{"start":{"line":98,"column":17},"end":{"line":102,"column":null}},"type":"binary-expr","locations":[{"start":{"line":98,"column":17},"end":{"line":98,"column":21}},{"start":{"line":99,"column":18},"end":{"line":101,"column":null}}]},"15":{"loc":{"start":{"line":113,"column":13},"end":{"line":127,"column":null}},"type":"cond-expr","locations":[{"start":{"line":114,"column":14},"end":{"line":120,"column":null}},{"start":{"line":123,"column":14},"end":{"line":126,"column":null}}]}},"s":{"0":1,"1":1,"2":1,"3":1,"4":1,"5":1,"6":1,"7":1,"8":1,"9":1,"10":1,"11":1,"12":1,"13":16,"14":16,"15":16,"16":16,"17":7,"18":1,"19":16,"20":16,"21":16,"22":7,"23":16,"24":16,"25":16,"26":0,"27":0,"28":16,"29":0,"30":6,"31":0,"32":1},"f":{"0":16,"1":7,"2":7,"3":0,"4":6,"5":0},"b":{"0":[1],"1":[8,8],"2":[16,16],"3":[8,8],"4":[16,16],"5":[7],"6":[16,9,5],"7":[16,15,15],"8":[0],"9":[16,4],"10":[11,5],"11":[1,4],"12":[1,0],"13":[4,0],"14":[4,4],"15":[1,3]}}
,"C:\\Users\\Ricky\\Desktop\\For Fun Projects\\Lovableproject\\healthy-photo-hub\\src\\pages\\Home.tsx": {"path":"C:\\Users\\Ricky\\Desktop\\For Fun Projects\\Lovableproject\\healthy-photo-hub\\src\\pages\\Home.tsx","statementMap":{"0":{"start":{"line":1,"column":0},"end":{"line":1,"column":51}},"1":{"start":{"line":2,"column":0},"end":{"line":2,"column":47}},"2":{"start":{"line":3,"column":0},"end":{"line":3,"column":45}},"3":{"start":{"line":4,"column":0},"end":{"line":4,"column":45}},"4":{"start":{"line":6,"column":0},"end":{"line":6,"column":43}},"5":{"start":{"line":7,"column":0},"end":{"line":7,"column":46}},"6":{"start":{"line":8,"column":0},"end":{"line":8,"column":69}},"7":{"start":{"line":9,"column":0},"end":{"line":9,"column":62}},"8":{"start":{"line":11,"column":13},"end":{"line":128,"column":1}},"9":{"start":{"line":12,"column":38},"end":{"line":12,"column":50}},"10":{"start":{"line":13,"column":36},"end":{"line":13,"column":45}},"11":{"start":{"line":14,"column":19},"end":{"line":14,"column":32}},"12":{"start":{"line":20,"column":6},"end":{"line":20,"column":16}},"13":{"start":{"line":26,"column":6},"end":{"line":26,"column":17}},"14":{"start":{"line":28,"column":2},"end":{"line":33,"column":34}},"15":{"start":{"line":30,"column":4},"end":{"line":32,"column":5}},"16":{"start":{"line":31,"column":6},"end":{"line":31,"column":25}},"17":{"start":{"line":36,"column":28},"end":{"line":38,"column":3}},"18":{"start":{"line":37,"column":4},"end":{"line":37,"column":75}},"19":{"start":{"line":37,"column":43},"end":{"line":37,"column":66}},"20":{"start":{"line":41,"column":24},"end":{"line":45,"column":null}},"21":{"start":{"line":43,"column":6},"end":{"line":45,"column":68}},"22":{"start":{"line":48,"column":20},"end":{"line":48,"column":53}},"23":{"start":{"line":49,"column":16},"end":{"line":49,"column":41}},"24":{"start":{"line":51,"column":2},"end":{"line":127,"column":4}},"25":{"start":{"line":74,"column":29},"end":{"line":74,"column":58}},"26":{"start":{"line":106,"column":18},"end":{"line":107,"column":null}},"27":{"start":{"line":130,"column":0},"end":{"line":130,"column":20}}},"fnMap":{"0":{"name":"(anonymous_7)","decl":{"start":{"line":11,"column":13},"end":{"line":11,"column":16}},"loc":{"start":{"line":11,"column":18},"end":{"line":128,"column":1}}},"1":{"name":"(anonymous_8)","decl":{"start":{"line":28,"column":12},"end":{"line":28,"column":15}},"loc":{"start":{"line":28,"column":17},"end":{"line":33,"column":3}}},"2":{"name":"(anonymous_9)","decl":{"start":{"line":36,"column":28},"end":{"line":36,"column":29}},"loc":{"start":{"line":36,"column":47},"end":{"line":38,"column":3}}},"3":{"name":"(anonymous_10)","decl":{"start":{"line":37,"column":25},"end":{"line":37,"column":26}},"loc":{"start":{"line":37,"column":43},"end":{"line":37,"column":66}}},"4":{"name":"(anonymous_11)","decl":{"start":{"line":42,"column":4},"end":{"line":42,"column":5}},"loc":{"start":{"line":43,"column":6},"end":{"line":45,"column":68}}},"5":{"name":"(anonymous_12)","decl":{"start":{"line":74,"column":22},"end":{"line":74,"column":23}},"loc":{"start":{"line":74,"column":29},"end":{"line":74,"column":58}}},"6":{"name":"(anonymous_13)","decl":{"start":{"line":105,"column":35},"end":{"line":105,"column":36}},"loc":{"start":{"line":106,"column":18},"end":{"line":107,"column":null}}}},"branchMap":{"0":{"loc":{"start":{"line":17,"column":10},"end":{"line":17,"column":20}},"type":"default-arg","locations":[{"start":{"line":17,"column":18},"end":{"line":17,"column":20}}]},"1":{"loc":{"start":{"line":23,"column":10},"end":{"line":23,"column":21}},"type":"default-arg","locations":[{"start":{"line":23,"column":19},"end":{"line":23,"column":21}}]},"2":{"loc":{"start":{"line":30,"column":4},"end":{"line":32,"column":5}},"type":"if","locations":[{"start":{"line":30,"column":4},"end":{"line":32,"column":5}}]},"3":{"loc":{"start":{"line":43,"column":6},"end":{"line":45,"column":68}},"type":"binary-expr","locations":[{"start":{"line":43,"column":6},"end":{"line":43,"column":64}},{"start":{"line":44,"column":6},"end":{"line":44,"column":65}},{"start":{"line":45,"column":6},"end":{"line":45,"column":68}}]},"4":{"loc":{"start":{"line":48,"column":20},"end":{"line":48,"column":53}},"type":"binary-expr","locations":[{"start":{"line":48,"column":20},"end":{"line":48,"column":34}},{"start":{"line":48,"column":38},"end":{"line":48,"column":53}}]},"5":{"loc":{"start":{"line":49,"column":16},"end":{"line":49,"column":41}},"type":"binary-expr","locations":[{"start":{"line":49,"column":16},"end":{"line":49,"column":26}},{"start":{"line":49,"column":30},"end":{"line":49,"column":41}}]},"6":{"loc":{"start":{"line":59,"column":13},"end":{"line":61,"column":18}},"type":"cond-expr","locations":[{"start":{"line":60,"column":16},"end":{"line":60,"column":51}},{"start":{"line":61,"column":16},"end":{"line":61,"column":18}}]},"7":{"loc":{"start":{"line":59,"column":13},"end":{"line":59,"column":43}},"type":"cond-expr","locations":[{"start":{"line":59,"column":32},"end":{"line":59,"column":34}},{"start":{"line":59,"column":32},"end":{"line":59,"column":43}}]},"8":{"loc":{"start":{"line":59,"column":13},"end":{"line":59,"column":34}},"type":"binary-expr","locations":[{"start":{"line":59,"column":13},"end":{"line":59,"column":34}},{"start":{"line":59,"column":32},"end":{"line":59,"column":34}}]},"9":{"loc":{"start":{"line":59,"column":13},"end":{"line":59,"column":32}},"type":"cond-expr","locations":[{"start":{"line":59,"column":17},"end":{"line":59,"column":19}},{"start":{"line":59,"column":13},"end":{"line":59,"column":32}}]},"10":{"loc":{"start":{"line":59,"column":13},"end":{"line":59,"column":19}},"type":"binary-expr","locations":[{"start":{"line":59,"column":13},"end":{"line":59,"column":19}},{"start":{"line":59,"column":13},"end":{"line":59,"column":19}}]},"11":{"loc":{"start":{"line":79,"column":9},"end":{"line":114,"column":null}},"type":"cond-expr","locations":[{"start":{"line":80,"column":10},"end":{"line":80,"column":46}},{"start":{"line":81,"column":12},"end":{"line":114,"column":null}}]},"12":{"loc":{"start":{"line":81,"column":12},"end":{"line":114,"column":null}},"type":"cond-expr","locations":[{"start":{"line":82,"column":10},"end":{"line":90,"column":null}},{"start":{"line":93,"column":10},"end":{"line":113,"column":null}}]},"13":{"loc":{"start":{"line":87,"column":15},"end":{"line":89,"column":60}},"type":"cond-expr","locations":[{"start":{"line":88,"column":18},"end":{"line":88,"column":31}},{"start":{"line":89,"column":18},"end":{"line":89,"column":60}}]},"14":{"loc":{"start":{"line":94,"column":13},"end":{"line":112,"column":null}},"type":"cond-expr","locations":[{"start":{"line":95,"column":14},"end":{"line":101,"column":null}},{"start":{"line":104,"column":14},"end":{"line":111,"column":null}}]}},"s":{"0":1,"1":1,"2":1,"3":1,"4":1,"5":1,"6":1,"7":1,"8":1,"9":16,"10":16,"11":16,"12":16,"13":16,"14":16,"15":9,"16":1,"17":16,"18":0,"19":0,"20":16,"21":0,"22":16,"23":16,"24":16,"25":0,"26":0,"27":1},"f":{"0":16,"1":9,"2":0,"3":0,"4":0,"5":0,"6":0},"b":{"0":[16],"1":[16],"2":[1],"3":[0,0,0],"4":[16,7],"5":[16,9],"6":[0,16],"7":[16,0],"8":[16,16],"9":[1,15],"10":[16,16],"11":[9,7],"12":[7,0],"13":[7,0],"14":[0,0]}}
[...]
line":52,"column":70}},"29":{"start":{"line":53,"column":12},"end":{"line":53,"column":53}},"30":{"start":{"line":55,"column":12},"end":{"line":58,"column":14}},"31":{"start":{"line":59,"column":12},"end":{"line":59,"column":44}},"32":{"start":{"line":63,"column":6},"end":{"line":63,"column":30}},"33":{"start":{"line":68,"column":20},"end":{"line":68,"column":71}},"34":{"start":{"line":69,"column":16},"end":{"line":69,"column":55}},"35":{"start":{"line":72,"column":29},"end":{"line":74,"column":3}},"36":{"start":{"line":73,"column":4},"end":{"line":73,"column":47}},"37":{"start":{"line":77,"column":22},"end":{"line":84,"column":3}},"38":{"start":{"line":78,"column":4},"end":{"line":83,"column":23}},"39":{"start":{"line":80,"column":21},"end":{"line":80,"column":28}},"40":{"start":{"line":86,"column":2},"end":{"line":89,"column":3}},"41":{"start":{"line":87,"column":4},"end":{"line":87,"column":22}},"42":{"start":{"line":88,"column":4},"end":{"line":88,"column":16}},"43":{"start":{"line":91,"column":2},"end":{"line":248,"column":4}},"44":{"start":{"line":115,"column":52},"end":{"line":115,"column":69}},"45":{"start":{"line":215,"column":18},"end":{"line":216,"column":null}},"46":{"start":{"line":232,"column":52},"end":{"line":232,"column":69}},"47":{"start":{"line":251,"column":0},"end":{"line":251,"column":27}}},"fnMap":{"0":{"name":"(anonymous_8)","decl":{"start":{"line":15,"column":20},"end":{"line":15,"column":23}},"loc":{"start":{"line":15,"column":25},"end":{"line":249,"column":1}}},"1":{"name":"(anonymous_9)","decl":{"start":{"line":20,"column":18},"end":{"line":20,"column":21}},"loc":{"start":{"line":20,"column":23},"end":{"line":24,"column":3}}},"2":{"name":"(anonymous_10)","decl":{"start":{"line":47,"column":13},"end":{"line":47,"column":22}},"loc":{"start":{"line":47,"column":24},"end":{"line":64,"column":null}}},"3":{"name":"(anonymous_11)","decl":{"start":{"line":47,"column":24},"end":{"line":47,"column":null}},"loc":{"start":{"line":47,"column":24},"end":{"line":64,"column":5}}},"4":{"name":"(anonymous_12)","decl":{"start":{"line":50,"column":19},"end":{"line":50,"column":26}},"loc":{"start":{"line":50,"column":35},"end":{"line":61,"column":10}}},"5":{"name":"(anonymous_13)","decl":{"start":{"line":50,"column":35},"end":{"line":50,"column":null}},"loc":{"start":{"line":50,"column":35},"end":{"line":61,"column":9}}},"6":{"name":"(anonymous_14)","decl":{"start":{"line":72,"column":29},"end":{"line":72,"column":30}},"loc":{"start":{"line":72,"column":49},"end":{"line":74,"column":3}}},"7":{"name":"(anonymous_15)","decl":{"start":{"line":77,"column":22},"end":{"line":77,"column":23}},"loc":{"start":{"line":77,"column":39},"end":{"line":84,"column":3}}},"8":{"name":"(anonymous_16)","decl":{"start":{"line":80,"column":11},"end":{"line":80,"column":12}},"loc":{"start":{"line":80,"column":21},"end":{"line":80,"column":28}}},"9":{"name":"(anonymous_17)","decl":{"start":{"line":115,"column":46},"end":{"line":115,"column":49}},"loc":{"start":{"line":115,"column":52},"end":{"line":115,"column":69}}},"10":{"name":"(anonymous_18)","decl":{"start":{"line":214,"column":28},"end":{"line":214,"column":29}},"loc":{"start":{"line":215,"column":18},"end":{"line":216,"column":null}}},"11":{"name":"(anonymous_19)","decl":{"start":{"line":232,"column":46},"end":{"line":232,"column":49}},"loc":{"start":{"line":232,"column":52},"end":{"line":232,"column":69}}}},"branchMap":{"0":{"loc":{"start":{"line":21,"column":4},"end":{"line":23,"column":5}},"type":"if","locations":[{"start":{"line":21,"column":4},"end":{"line":23,"column":5}}]},"1":{"loc":{"start":{"line":35,"column":10},"end":{"line":35,"column":21}},"type":"default-arg","locations":[{"start":{"line":35,"column":19},"end":{"line":35,"column":21}}]},"2":{"loc":{"start":{"line":42,"column":10},"end":{"line":42,"column":28}},"type":"default-arg","locations":[{"start":{"line":42,"column":26},"end":{"line":42,"column":28}}]},"3":{"loc":{"start":{"line":68,"column":20},"end":{"line":68,"column":71}},"type":"binary-expr","locations":[{"start":{"line":68,"column":20},"end":{"line":68,"column":33}},{"start":{"line":68,"column":37},"end":{"line":68,"column":52}},{"start":{"line":68,"column":56},"end":{"line":68,"column":71}}]},"4":{"loc":{"start":{"line":69,"column":16},"end":{"line":69,"column":55}},"type":"binary-expr","locations":[{"start":{"line":69,"column":16},"end":{"line":69,"column":25}},{"start":{"line":69,"column":29},"end":{"line":69,"column":40}},{"start":{"line":69,"column":44},"end":{"line":69,"column":55}}]},"5":{"loc":{"start":{"line":73,"column":11},"end":{"line":73,"column":46}},"type":"binary-expr","locations":[{"start":{"line":73,"column":11},"end":{"line":73,"column":41}},{"start":{"line":73,"column":45},"end":{"line":73,"column":46}}]},"6":{"loc":{"start":{"line":73,"column":11},"end":{"line":73,"column":41}},"type":"cond-expr","locations":[{"start":{"line":73,"column":33},"end":{"line":73,"column":35}},{"start":{"line":73,"column":33},"end":{"line":73,"column":41}}]},"7":{"loc":{"start":{"line":73,"column":11},"end":{"line":73,"column":35}},"type":"binary-expr","locations":[{"start":{"line":73,"column":11},"end":{"line":73,"column":35}},{"start":{"line":73,"column":33},"end":{"line":73,"column":35}}]},"8":{"loc":{"start":{"line":86,"column":2},"end":{"line":89,"column":3}},"type":"if","locations":[{"start":{"line":86,"column":2},"end":{"line":89,"column":3}}]},"9":{"loc":{"start":{"line":103,"column":9},"end":{"line":235,"column":null}},"type":"cond-expr","locations":[{"start":{"line":104,"column":10},"end":{"line":104,"column":52}},{"start":{"line":105,"column":12},"end":{"line":235,"column":null}}]},"10":{"loc":{"start":{"line":105,"column":12},"end":{"line":235,"column":null}},"type":"cond-expr","locations":[{"start":{"line":106,"column":10},"end":{"line":117,"column":null}},{"start":{"line":119,"column":12},"end":{"line":235,"column":null}}]},"11":{"loc":{"start":{"line":111,"column":15},"end":{"line":113,"column":51}},"type":"cond-expr","locations":[{"start":{"line":112,"column":18},"end":{"line":112,"column":31}},{"start":{"line":113,"column":18},"end":{"line":113,"column":51}}]},"12":{"loc":{"start":{"line":119,"column":12},"end":{"line":235,"column":null}},"type":"cond-expr","locations":[{"start":{"line":120,"column":10},"end":{"line":222,"column":null}},{"start":{"line":225,"column":10},"end":{"line":234,"column":null}}]},"13":{"loc":{"start":{"line":150,"column":21},"end":{"line":154,"column":null}},"type":"binary-expr","locations":[{"start":{"line":150,"column":21},"end":{"line":150,"column":31}},{"start":{"line":151,"column":22},"end":{"line":153,"column":null}}]},"14":{"loc":{"start":{"line":156,"column":21},"end":{"line":160,"column":null}},"type":"binary-expr","locations":[{"start":{"line":156,"column":21},"end":{"line":156,"column":33}},{"start":{"line":157,"column":22},"end":{"line":159,"column":null}}]},"15":{"loc":{"start":{"line":166,"column":19},"end":{"line":180,"column":null}},"type":"binary-expr","locations":[{"start":{"line":166,"column":19},"end":{"line":166,"column":31}},{"start":{"line":167,"column":20},"end":{"line":179,"column":null}}]},"16":{"loc":{"start":{"line":183,"column":19},"end":{"line":195,"column":null}},"type":"binary-expr","locations":[{"start":{"line":183,"column":19},"end":{"line":183,"column":31}},{"start":{"line":184,"column":20},"end":{"line":194,"column":null}}]},"17":{"loc":{"start":{"line":206,"column":13},"end":{"line":221,"column":null}},"type":"cond-expr","locations":[{"start":{"line":207,"column":14},"end":{"line":210,"column":null}},{"start":{"line":213,"column":14},"end":{"line":220,"column":null}}]}},"s":{"0":1,"1":1,"2":1,"3":1,"4":1,"5":1,"6":1,"7":1,"8":1,"9":1,"10":1,"11":1,"12":1,"13":1,"14":19,"15":19,"16":19,"17":19,"18":8,"19":1,"20":19,"21":19,"22":19,"23":5,"24":5,"25":5,"26":10,"27":10,"28":10,"29":10,"30":0,"31":0,"32":5,"33":19,"34":19,"35":19,"36":8,"37":19,"38":5,"39":10,"40":19,"41":0,"42":0,"43":19,"44":0,"45":8,"46":0,"47":1},"f":{"0":19,"1":8,"2":5,"3":5,"4":10,"5":10,"6":8,"7":5,"8":10,"9":0,"10":8,"11":0},"b":{"0":[1],"1":[8],"2":[14],"3":[19,11,11],"4":[19,17,17],"5":[8,0],"6":[0,8],"7":[8,8],"8":[0],"9":[13,6],"10":[1,5],"11":[1,0],"12":[5,0],"13":[5,0],"14":[5,0],"15":[5,0],"16":[5,0],"17":[1,4]}}
,"C:\\Users\\Ricky\\Desktop\\For Fun Projects\\Lovableproject\\healthy-photo-hub\\src\\services\\api.ts": {"path":"C:\\Users\\Ricky\\Desktop\\For Fun Projects\\Lovableproject\\healthy-photo-hub\\src\\services\\api.ts","statementMap":{"0":{"start":{"line":2,"column":0},"end":{"line":2,"column":61}},"1":{"start":{"line":4,"column":17},"end":{"line":4,"column":55}},"2":{"start":{"line":46,"column":2},"end":{"line":94,"column":null}},"3":{"start":{"line":50,"column":2},"end":{"line":93,"column":3}},"4":{"start":{"line":51,"column":33},"end":{"line":56,"column":6}},"5":{"start":{"line":58,"column":4},"end":{"line":60,"column":5}},"6":{"start":{"line":59,"column":6},"end":{"line":59,"column":42}},"7":{"start":{"line":62,"column":21},"end":{"line":62,"column":67}},"8":{"start":{"line":64,"column":4},"end":{"line":73,"column":5}},"9":{"start":{"line":65,"column":27},"end":{"line":65,"column":67}},"10":{"start":{"line":66,"column":6},"end":{"line":71,"column":9}},"11":{"start":{"line":72,"column":6},"end":{"line":72,"column":36}},"12":{"start":{"line":75,"column":18},"end":{"line":75,"column":39}},"13":{"start":{"line":76,"column":4},"end":{"line":79,"column":7}},"14":{"start":{"line":80,"column":4},"end":{"line":80,"column":16}},"15":{"start":{"line":82,"column":4},"end":{"line":91,"column":6}},"16":{"start":{"line":92,"column":4},"end":{"line":92,"column":16}},"17":{"start":{"line":97,"column":13},"end":{"line":100,"column":2}},"18":{"start":{"line":98,"column":33},"end":{"line":98,"column":53}},"19":{"start":{"line":99,"column":51},"end":{"line":99,"column":77}},"20":{"start":{"line":103,"column":13},"end":{"line":108,"column":2}},"21":{"start":{"line":104,"column":34},"end":{"line":104,"column":55}},"22":{"start":{"line":105,"column":52},"end":{"line":105,"column":79}},"23":{"start":{"line":107,"column":4},"end":{"line":107,"column":41}},"24":{"start":{"line":111,"column":13},"end":{"line":118,"column":2}},"25":{"start":{"line":112,"column":34},"end":{"line":112,"column":55}},"26":{"start":{"line":113,"column":52},"end":{"line":113,"column":79}},"27":{"start":{"line":115,"column":4},"end":{"line":115,"column":43}},"28":{"start":{"line":117,"column":4},"end":{"line":117,"column":51}}},"fnMap":{"0":{"name":"apiRequest","decl":{"start":{"line":45,"column":15},"end":{"line":45,"column":25}},"loc":{"start":{"line":45,"column":25},"end":{"line":94,"column":null}}},"1":{"name":"(anonymous_8)","decl":{"start":{"line":46,"column":2},"end":{"line":46,"column":18}},"loc":{"start":{"line":48,"column":15},"end":{"line":94,"column":1}}},"2":{"name":"(anonymous_9)","decl":{"start":{"line":98,"column":10},"end":{"line":98,"column":30}},"loc":{"start":{"line":98,"column":33},"end":{"line":98,"column":53}}},"3":{"name":"(anonymous_10)","decl":{"start":{"line":99,"column":11},"end":{"line":99,"column":12}},"loc":{"start":{"line":99,"column":51},"end":{"line":99,"column":77}}},"4":{"name":"(anonymous_11)","decl":{"start":{"line":104,"column":10},"end":{"line":104,"column":31}},"loc":{"start":{"line":104,"column":34},"end":{"line":104,"column":55}}},"5":{"name":"(anonymous_12)","decl":{"start":{"line":105,"column":11},"end":{"line":105,"column":12}},"loc":{"start":{"line":105,"column":52},"end":{"line":105,"column":79}}},"6":{"name":"(anonymous_13)","decl":{"start":{"line":106,"column":15},"end":{"line":106,"column":16}},"loc":{"start":{"line":107,"column":4},"end":{"line":107,"column":41}}},"7":{"name":"(anonymous_14)","decl":{"start":{"line":112,"column":10},"end":{"line":112,"column":31}},"loc":{"start":{"line":112,"column":34},"end":{"line":112,"column":55}}},"8":{"name":"(anonymous_15)","decl":{"start":{"line":113,"column":11},"end":{"line":113,"column":12}},"loc":{"start":{"line":113,"column":52},"end":{"line":113,"column":79}}},"9":{"name":"(anonymous_16)","decl":{"start":{"line":114,"column":16},"end":{"line":114,"column":17}},"loc":{"start":{"line":115,"column":4},"end":{"line":115,"column":43}}},"10":{"name":"(anonymous_17)","decl":{"start":{"line":116,"column":15},"end":{"line":116,"column":16}},"loc":{"start":{"line":117,"column":4},"end":{"line":117,"column":51}}}},"branchMap":{"0":{"loc":{"start":{"line":47,"column":2},"end":{"line":47,"column":24}},"type":"default-arg","locations":[{"start":{"line":47,"column":19},"end":{"line":47,"column":24}}]},"1":{"loc":{"start":{"line":58,"column":4},"end":{"line":60,"column":5}},"type":"if","locations":[{"start":{"line":58,"column":4},"end":{"line":60,"column":5}}]},"2":{"loc":{"start":{"line":64,"column":4},"end":{"line":73,"column":5}},"type":"if","locations":[{"start":{"line":64,"column":4},"end":{"line":73,"column":5}}]}},"s":{"0":1,"1":1,"2":8,"3":8,"4":8,"5":8,"6":1,"7":8,"8":8,"9":1,"10":1,"11":1,"12":7,"13":7,"14":7,"15":1,"16":1,"17":1,"18":1,"19":1,"20":1,"21":0,"22":2,"23":1,"24":1,"25":0,"26":1,"27":1,"28":1},"f":{"0":8,"1":8,"2":1,"3":1,"4":0,"5":2,"6":1,"7":0,"8":1,"9":1,"10":1},"b":{"0":[7],"1":[1],"2":[1]}}
,"C:\\Users\\Ricky\\Desktop\\For Fun Projects\\Lovableproject\\healthy-photo-hub\\src\\services\\error-logging.ts": {"path":"C:\\Users\\Ricky\\Desktop\\For Fun Projects\\Lovableproject\\healthy-photo-hub\\src\\services\\error-logging.ts","statementMap":{"0":{"start":{"line":1,"column":0},"end":{"line":1,"column":31}},"1":{"start":{"line":3,"column":0},"end":{"line":3,"column":null}},"2":{"start":{"line":4,"column":2},"end":{"line":4,"column":null}},"3":{"start":{"line":5,"column":2},"end":{"line":5,"column":null}},"4":{"start":{"line":6,"column":2},"end":{"line":6,"column":null}},"5":{"start":{"line":7,"column":2},"end":{"line":7,"column":null}},"6":{"start":{"line":20,"column":10},"end":{"line":20,"column":32}},"7":{"start":{"line":21,"column":19},"end":{"line":21,"column":34}},"8":{"start":{"line":26,"column":4},"end":{"line":28,"column":5}},"9":{"start":{"line":27,"column":6},"end":{"line":27,"column":63}},"10":{"start":{"line":29,"column":4},"end":{"line":29,"column":40}},"11":{"start":{"line":33,"column":4},"end":{"line":35,"column":5}},"12":{"start":{"line":34,"column":6},"end":{"line":34,"column":19}},"13":{"start":{"line":36,"column":4},"end":{"line":36,"column":36}},"14":{"start":{"line":45,"column":31},"end":{"line":51,"column":6}},"15":{"start":{"line":54,"column":4},"end":{"line":54,"column":32}},"16":{"start":{"line":55,"column":4},"end":{"line":57,"column":5}},"17":{"start":{"line":56,"column":6},"end":{"line":56,"column":22}},"18":{"start":{"line":60,"column":27},"end":{"line":62,"column":6}},"19":{"start":{"line":63,"column":4},"end":{"line":74,"column":5}},"20":{"start":{"line":65,"column":8},"end":{"line":65,"column":72}},"21":{"start":{"line":66,"column":8},"end":{"line":66,"column":14}},"22":{"start":{"line":68,"column":8},"end":{"line":68,"column":73}},"23":{"start":{"line":69,"column":8},"end":{"line":69,"column":14}},"24":{"start":{"line":72,"column":8},"end":{"line":72,"column":74}},"25":{"start":{"line":73,"column":8},"end":{"line":73,"column":14}},"26":{"start":{"line":77,"column":4},"end":{"line":84,"column":5}},"27":{"start":{"line":81,"column":6},"end":{"line":81,"column":27}},"28":{"start":{"line":82,"column":11},"end":{"line":84,"column":5}},"29":{"start":{"line":83,"column":6},"end":{"line":83,"column":29}},"30":{"start":{"line":87,"column":4},"end":{"line":89,"column":5}},"31":{"start":{"line":88,"column":6},"end":{"line":88,"column":48}},"32":{"start":{"line":95,"column":4},"end":{"line":100,"column":5}},"33":{"start":{"line":97,"column":6},"end":{"line":97,"column":76}},"34":{"start":{"line":99,"column":6},"end":{"line":99,"column":73}},"35":{"start":{"line":104,"column":4},"end":{"line":104,"column":26}},"36":{"start":{"line":108,"column":4},"end":{"line":108,"column":19}},"37":{"start":{"line":112,"column":13},"end":{"line":112,"column":61}}},"fnMap":{"0":{"name":"(anonymous_7)","decl":{"start":{"line":3,"column":0},"end":{"line":3,"column":12}},"loc":{"start":{"line":3,"column":25},"end":{"line":8,"column":1}}},"1":{"name":"(anonymous_8)","decl":{"start":{"line":23,"column":2},"end":{"line":23,"column":25}},"loc":{"start":{"line":23,"column":2},"end":{"line":23,"column":26}}},"2":{"name":"(anonymous_9)","decl":{"start":{"line":25,"column":2},"end":{"line":25,"column":8}},"loc":{"start":{"line":25,"column":20},"end":{"line":30,"column":3}}},"3":{"name":"(anonymous_10)","decl":{"start":{"line":32,"column":10},"end":{"line":32,"column":21}},"loc":{"start":{"line":32,"column":36},"end":{"line":37,"column":3}}},"4":{"name":"(anonymous_11)","decl":{"start":{"line":39,"column":2},"end":{"line":39,"column":5}},"loc":{"start":{"line":43,"column":19},"end":{"line":90,"column":3}}},"5":{"name":"(anonymous_12)","decl":{"start":{"line":92,"column":16},"end":{"line":92,"column":42}},"loc":{"start":{"line":92,"column":61},"end":{"line":101,"column":null}}},"6":{"name":"(anonymous_14)","decl":{"start":{"line":103,"column":2},"end":{"line":103,"column":9}},"loc":{"start":{"line":103,"column":9},"end":{"line":105,"column":3}}},"7":{"name":"(anonymous_15)","decl":{"start":{"line":107,"column":2},"end":{"line":107,"column":11}},"loc":{"start":{"line":107,"column":11},"end":{"line":109,"column":3}}}},"branchMap":{"0":{"loc":{"start":{"line":3,"column":12},"end":{"line":3,"column":null}},"type":"binary-expr","locations":[{"start":{"line":3,"column":12},"end":{"line":3,"column":25}},{"start":{"line":3,"column":25},"end":{"line":3,"column":null}}]},"1":{"loc":{"start":{"line":26,"column":4},"end":{"line":28,"column":5}},"type":"if","locations":[{"start":{"line":26,"column":4},"end":{"line":28,"column":5}}]},"2":{"loc":{"start":{"line":33,"column":4},"end":{"line":35,"column":5}},"type":"if","locations":[{"start":{"line":33,"column":4},"end":{"line":35,"column":5}}]},"3":{"loc":{"start":{"line":50,"column":13},"end":{"line":50,"column":56}},"type":"cond-expr","locations":[{"start":{"line":50,"column":21},"end":{"line":50,"column":44}},{"start":{"line":50,"column":47},"end":{"line":50,"column":56}}]},"4":{"loc":{"start":{"line":55,"column":4},"end":{"line":57,"column":5}},"type":"if","locations":[{"start":{"line":55,"column":4},"end":{"line":57,"column":5}}]},"5":{"loc":{"start":{"line":63,"column":4},"end":{"line":74,"column":5}},"type":"switch","locations":[{"start":{"line":64,"column":6},"end":{"line":66,"column":14}},{"start":{"line":67,"column":6},"end":{"line":69,"column":14}},{"start":{"line":70,"column":6},"end":{"line":70,"column":31}},{"start":{"line":71,"column":6},"end":{"line":73,"column":14}}]},"6":{"loc":{"start":{"line":77,"column":4},"end":{"line":84,"column":5}},"type":"if","locations":[{"start":{"line":77,"column":4},"end":{"line":84,"column":5}},{"start":{"line":82,"column":11},"end":{"line":84,"column":5}}]},"7":{"loc":{"start":{"line":78,"column":6},"end":{"line":79,"column":41}},"type":"binary-expr","locations":[{"start":{"line":78,"column":6},"end":{"line":78,"column":38}},{"start":{"line":79,"column":6},"end":{"line":79,"column":41}}]},"8":{"loc":{"start":{"line":82,"column":11},"end":{"line":84,"column":5}},"type":"if","locations":[{"start":{"line":82,"column":11},"end":{"line":84,"column":5}}]},"9":{"loc":{"start":{"line":87,"column":4},"end":{"line":89,"column":5}},"type":"if","locations":[{"start":{"line":87,"column":4},"end":{"line":89,"column":5}}]}},"s":{"0":2,"1":2,"2":2,"3":2,"4":2,"5":2,"6":2,"7":2,"8":2,"9":2,"10":2,"11":3,"12":3,"13":0,"14":120,"15":120,"16":120,"17":5,"18":120,"19":120,"20":113,"21":113,"22":1,"23":1,"24":6,"25":6,"26":120,"27":6,"28":114,"29":1,"30":120,"31":1,"32":1,"33":1,"34":0,"35":4,"36":4,"37":2},"f":{"0":2,"1":2,"2":2,"3":3,"4":120,"5":1,"6":4,"7":4},"b":{"0":[2,2],"1":[2],"2":[3],"3":[3,117],"4":[5],"5":[113,1,5,6],"6":[6,114],"7":[120,115],"8":[1],"9":[1]}}
}
