TN:
SF:src\components\AlbumCard.tsx
FN:14,(anonymous_1)
FNF:1
FNH:1
FNDA:10,(anonymous_1)
DA:2,1
DA:3,1
DA:4,1
DA:5,1
DA:14,1
DA:15,10
DA:42,1
LF:7
LH:7
BRDA:25,0,0,10
BRDA:25,0,1,1
BRDA:29,1,0,10
BRDA:29,1,1,3
BRDA:33,2,0,1
BRDA:33,2,1,2
BRF:6
BRH:6
end_of_record
TN:
SF:src\components\ErrorBoundary.tsx
FN:15,(anonymous_6)
FN:20,(anonymous_7)
FN:24,(anonymous_8)
FN:33,(anonymous_9)
FN:47,(anonymous_10)
FNF:5
FNH:4
FNDA:10,(anonymous_6)
FNDA:8,(anonymous_7)
FNDA:4,(anonymous_8)
FNDA:17,(anonymous_9)
FNDA:0,(anonymous_10)
DA:1,1
DA:2,1
DA:16,10
DA:17,9
DA:21,8
DA:25,4
DA:34,17
DA:35,8
DA:36,2
DA:38,6
DA:47,0
DA:61,9
DA:65,1
LF:13
LH:12
BRDA:34,0,0,8
BRDA:35,1,0,2
BRDA:52,2,0,6
BRDA:52,2,1,0
BRDA:52,2,2,0
BRF:5
BRH:3
end_of_record
TN:
SF:src\components\Icons.tsx
FN:4,(anonymous_1)
FN:25,(anonymous_2)
FNF:2
FNH:2
FNDA:31,(anonymous_1)
FNDA:32,(anonymous_2)
DA:2,1
DA:4,1
DA:5,31
DA:25,1
DA:26,32
LF:5
LH:5
BRF:0
BRH:0
end_of_record
TN:
SF:src\components\LoadingSpinner.tsx
FN:16,(anonymous_0)
FNF:1
FNH:1
FNDA:24,(anonymous_0)
DA:1,3
DA:2,3
DA:10,3
DA:16,3
DA:21,24
DA:29,3
LF:6
LH:6
BRDA:19,0,0,4
BRDA:24,1,0,24
BRDA:24,1,1,14
BRF:3
BRH:3
end_of_record
TN:
SF:src\components\NavBar.tsx
FN:8,(anonymous_1)
FN:13,(anonymous_2)
FN:14,(anonymous_3)
FN:16,(anonymous_4)
FN:104,(anonymous_5)
FNF:5
FNH:2
FNDA:43,(anonymous_1)
FNDA:0,(anonymous_2)
FNDA:0,(anonymous_3)
FNDA:43,(anonymous_4)
FNDA:0,(anonymous_5)
DA:1,2
DA:2,2
DA:3,2
DA:4,2
DA:5,2
DA:6,2
DA:8,2
DA:9,43
DA:10,43
DA:11,43
DA:13,43
DA:14,43
DA:16,43
DA:18,43
DA:105,0
DA:106,0
LF:16
LH:14
BRDA:33,0,0,0
BRDA:33,0,1,43
BRDA:43,1,0,1
BRDA:43,1,1,42
BRDA:49,2,0,1
BRDA:49,2,1,0
BRDA:70,3,0,42
BRDA:70,3,1,42
BRDA:85,4,0,43
BRDA:85,4,1,0
BRDA:88,5,0,0
BRDA:88,5,1,0
BRDA:94,6,0,0
BRDA:94,6,1,0
BRDA:119,7,0,0
BRDA:119,7,1,0
BRF:16
BRH:7
end_of_record
TN:
SF:src\components\PhotoCard.tsx
FN:11,(anonymous_1)
FNF:1
FNH:1
FNDA:5,(anonymous_1)
DA:1,1
DA:2,1
DA:3,1
DA:4,1
DA:11,1
DA:12,5
DA:30,1
LF:7
LH:7
BRF:0
BRH:0
end_of_record
TN:
SF:src\components\UserCard.tsx
FN:13,(anonymous_1)
FNF:1
FNH:1
FNDA:9,(anonymous_1)
DA:2,1
DA:3,1
DA:4,1
DA:5,1
DA:13,1
DA:14,9
DA:56,1
LF:7
LH:7
BRDA:30,0,0,9
BRDA:30,0,1,8
BRDA:36,1,0,9
BRDA:36,1,1,8
BRDA:44,2,0,9
BRDA:44,2,1,2
BRDA:47,3,0,1
BRDA:47,3,1,1
BRF:8
BRH:8
end_of_record
TN:
SF:src\components\ui\button.tsx
FN:43,(anonymous_7)
FNF:1
FNH:1
FNDA:188,(anonymous_7)
DA:1,2
DA:2,2
DA:3,2
DA:5,2
DA:7,2
DA:42,2
DA:43,188
DA:44,188
DA:45,188
DA:54,2
DA:56,2
LF:11
LH:11
BRDA:43,0,0,188
BRDA:44,1,0,0
BRDA:44,1,1,188
BRF:3
BRH:2
end_of_record
TN:
SF:src\components\ui\card.tsx
FN:8,(anonymous_7)
FN:23,(anonymous_8)
FN:35,(anonymous_9)
FN:50,(anonymous_10)
FN:62,(anonymous_11)
FN:70,(anonymous_12)
FNF:6
FNH:6
FNDA:58,(anonymous_7)
FNDA:53,(anonymous_8)
FNDA:53,(anonymous_9)
FNDA:34,(anonymous_10)
FNDA:58,(anonymous_11)
FNDA:10,(anonymous_12)
DA:1,4
DA:3,4
DA:5,4
DA:8,58
DA:18,4
DA:20,4
DA:23,53
DA:30,4
DA:32,4
DA:35,53
DA:45,4
DA:47,4
DA:50,34
DA:57,4
DA:59,4
DA:62,58
DA:65,4
DA:67,4
DA:70,10
DA:77,4
DA:79,4
LF:21
LH:21
BRF:0
BRH:0
end_of_record
TN:
SF:src\components\ui\image-skeleton.tsx
FN:9,(anonymous_7)
FN:19,(anonymous_8)
FN:20,(anonymous_9)
FNF:3
FNH:3
FNDA:20,(anonymous_7)
FNDA:3,(anonymous_8)
FNDA:4,(anonymous_9)
DA:1,2
DA:2,2
DA:3,2
DA:9,2
DA:13,20
DA:14,20
DA:16,20
DA:17,20
DA:19,20
DA:20,20
DA:21,4
DA:22,4
DA:25,20
LF:13
LH:13
BRDA:11,0,0,0
BRDA:13,1,0,18
BRDA:27,2,0,20
BRDA:27,2,1,13
BRDA:29,3,0,5
BRDA:29,3,1,15
BRDA:33,4,0,13
BRDA:33,4,1,7
BRF:8
BRH:7
end_of_record
TN:
SF:src\components\ui\input.tsx
FN:6,(anonymous_7)
FNF:1
FNH:1
FNDA:68,(anonymous_7)
DA:1,1
DA:3,1
DA:5,1
DA:6,68
DA:7,68
DA:20,1
DA:22,1
LF:7
LH:7
BRF:0
BRH:0
end_of_record
TN:
SF:src\components\ui\label.tsx
FN:15,(anonymous_7)
FNF:1
FNH:1
FNDA:68,(anonymous_7)
DA:1,1
DA:2,1
DA:3,1
DA:5,1
DA:7,1
DA:11,1
DA:15,68
DA:22,1
DA:24,1
LF:9
LH:9
BRF:0
BRH:0
end_of_record
TN:
SF:src\components\ui\loading-container.tsx
FN:12,(anonymous_1)
FNF:1
FNH:1
FNDA:9,(anonymous_1)
DA:1,1
DA:2,1
DA:3,1
DA:4,1
DA:12,1
DA:18,9
DA:22,9
LF:7
LH:7
BRDA:13,0,0,0
BRDA:15,1,0,9
BRDA:18,2,0,9
BRDA:18,2,1,0
BRF:4
BRH:2
end_of_record
TN:
SF:src\components\ui\skeleton.tsx
FN:3,Skeleton
FNF:1
FNH:1
FNDA:13,Skeleton
DA:1,2
DA:4,13
DA:5,13
DA:7,13
DA:15,2
LF:5
LH:5
BRF:0
BRH:0
end_of_record
TN:
SF:src\hooks\use-auth.ts
FN:4,useAuth
FNF:1
FNH:1
FNDA:5,useAuth
DA:1,3
DA:2,3
DA:4,3
DA:5,5
DA:6,5
DA:7,0
DA:9,5
LF:7
LH:6
BRDA:6,0,0,0
BRF:1
BRH:0
end_of_record
TN:
SF:src\hooks\use-mobile.tsx
FN:5,useIsMobile
FN:8,(anonymous_7)
FN:10,(anonymous_8)
FN:15,(anonymous_9)
FNF:4
FNH:4
FNDA:29,useIsMobile
FNDA:14,(anonymous_7)
FNDA:1,(anonymous_8)
FNDA:14,(anonymous_9)
DA:1,1
DA:3,1
DA:5,1
DA:6,29
DA:8,29
DA:9,14
DA:10,14
DA:11,1
DA:13,14
DA:14,14
DA:15,14
DA:18,29
LF:12
LH:12
BRF:0
BRH:0
end_of_record
TN:
SF:src\hooks\use-toast.ts
FN:27,genId
FN:58,(anonymous_8)
FN:63,(anonymous_9)
FN:74,(anonymous_10)
FN:85,(anonymous_11)
FN:98,(anonymous_12)
FN:105,(anonymous_13)
FN:124,(anonymous_14)
FN:133,dispatch
FN:135,(anonymous_16)
FN:142,toast
FN:145,(anonymous_18)
FN:150,(anonymous_19)
FN:158,(anonymous_20)
FN:171,useToast
FN:174,(anonymous_22)
FN:176,(anonymous_23)
FN:187,(anonymous_24)
FNF:18
FNH:18
FNDA:36,genId
FNDA:28,(anonymous_8)
FNDA:6,(anonymous_9)
FNDA:75,(anonymous_10)
FNDA:2,(anonymous_11)
FNDA:13,(anonymous_12)
FNDA:29,(anonymous_13)
FNDA:8,(anonymous_14)
FNDA:69,dispatch
FNDA:89,(anonymous_16)
FNDA:36,toast
FNDA:1,(anonymous_18)
FNDA:1,(anonymous_19)
FNDA:1,(anonymous_20)
FNDA:92,useToast
FNDA:92,(anonymous_22)
FNDA:92,(anonymous_23)
FNDA:25,(anonymous_24)
DA:1,1
DA:8,1
DA:9,1
DA:18,1
DA:25,1
DA:28,36
DA:29,36
DA:56,1
DA:58,1
DA:59,28
DA:60,9
DA:63,19
DA:64,6
DA:65,6
DA:71,19
DA:74,1
DA:75,75
DA:77,37
DA:83,2
DA:86,2
DA:91,28
DA:95,28
DA:96,15
DA:98,13
DA:99,13
DA:103,28
DA:106,29
DA:116,8
DA:117,1
DA:122,7
DA:124,8
DA:129,1
DA:131,1
DA:134,69
DA:135,69
DA:136,89
DA:142,36
DA:143,36
DA:145,36
DA:146,1
DA:150,36
DA:152,36
DA:159,1
DA:164,36
DA:172,92
DA:174,92
DA:175,92
DA:176,92
DA:177,92
DA:178,92
DA:179,92
DA:184,92
DA:187,25
DA:191,1
LF:54
LH:54
BRDA:59,0,0,9
BRDA:75,1,0,37
BRDA:75,1,1,2
BRDA:75,1,2,28
BRDA:75,1,3,8
BRDA:86,2,0,2
BRDA:86,2,1,0
BRDA:95,3,0,15
BRDA:95,3,1,13
BRDA:106,4,0,28
BRDA:106,4,1,1
BRDA:106,5,0,29
BRDA:106,5,1,14
BRDA:116,6,0,1
BRDA:159,7,0,1
BRDA:178,8,0,92
BRF:16
BRH:15
end_of_record
TN:
SF:src\lib\constants.ts
FNF:0
FNH:0
DA:1,1
DA:10,1
LF:2
LH:2
BRF:0
BRH:0
end_of_record
TN:
SF:src\lib\utils.ts
FN:4,cn
FN:8,formatDate
FN:22,truncateText
FN:39,isValidEmail
FN:49,debounce
FN:55,(anonymous_5)
FN:58,(anonymous_6)
FNF:7
FNH:7
FNDA:749,cn
FNDA:3,formatDate
FNDA:4,truncateText
FNDA:9,isValidEmail
FNDA:3,debounce
FNDA:7,(anonymous_5)
FNDA:3,(anonymous_6)
DA:1,8
DA:2,8
DA:4,8
DA:5,749
DA:8,8
DA:9,3
DA:10,3
DA:11,3
DA:12,2
DA:18,0
DA:22,8
DA:27,4
DA:30,2
DA:31,2
DA:34,2
DA:36,2
DA:39,8
DA:40,9
DA:43,6
DA:44,6
DA:49,8
DA:53,3
DA:55,3
DA:56,7
DA:58,7
DA:59,3
DA:60,2
LF:27
LH:26
BRDA:11,0,0,1
BRDA:25,1,0,3
BRDA:27,2,0,2
BRDA:27,3,0,4
BRDA:27,3,1,3
BRDA:34,4,0,2
BRDA:34,4,1,0
BRDA:40,5,0,3
BRDA:56,6,0,4
BRF:9
BRH:8
end_of_record
TN:
SF:src\mocks\handlers.ts
FN:10,(anonymous_7)
FN:19,(anonymous_8)
FN:29,(anonymous_9)
FN:41,(anonymous_10)
FN:52,(anonymous_11)
FN:67,(anonymous_12)
FN:69,(anonymous_13)
FN:80,(anonymous_14)
FN:93,(anonymous_15)
FN:95,(anonymous_16)
FN:109,(anonymous_17)
FN:109,(anonymous_18)
FNF:12
FNH:0
FNDA:0,(anonymous_7)
FNDA:0,(anonymous_8)
FNDA:0,(anonymous_9)
FNDA:0,(anonymous_10)
FNDA:0,(anonymous_11)
FNDA:0,(anonymous_12)
FNDA:0,(anonymous_13)
FNDA:0,(anonymous_14)
FNDA:0,(anonymous_15)
FNDA:0,(anonymous_16)
FNDA:0,(anonymous_17)
FNDA:0,(anonymous_18)
DA:1,15
DA:8,15
DA:11,0
DA:20,0
DA:30,0
DA:42,0
DA:53,0
DA:54,0
DA:55,0
DA:57,0
DA:68,0
DA:69,0
DA:81,0
DA:94,0
DA:95,0
DA:109,0
DA:110,0
DA:111,0
DA:116,0
LF:19
LH:2
BRDA:54,0,0,0
BRF:1
BRH:0
end_of_record
TN:
SF:src\mocks\importMetaMock.ts
FNF:0
FNH:0
DA:1,15
DA:13,15
LF:2
LH:2
BRF:0
BRH:0
end_of_record
TN:
SF:src\mocks\server.ts
FNF:0
FNH:0
DA:1,15
DA:2,15
DA:4,15
LF:3
LH:3
BRF:0
BRH:0
end_of_record
TN:
SF:src\pages\Landing.tsx
FN:8,(anonymous_1)
FN:11,(anonymous_2)
FN:13,(anonymous_3)
FN:17,(anonymous_4)
FNF:4
FNH:3
FNDA:9,(anonymous_1)
FNDA:9,(anonymous_2)
FNDA:0,(anonymous_3)
FNDA:9,(anonymous_4)
DA:1,1
DA:2,1
DA:3,1
DA:4,1
DA:5,1
DA:6,1
DA:8,1
DA:9,9
DA:11,9
DA:13,9
DA:14,0
DA:17,9
DA:20,9
DA:21,9
DA:29,0
DA:141,1
LF:16
LH:14
BRDA:20,0,0,9
BRF:1
BRH:1
end_of_record
TN:
SF:src\pages\Login.tsx
FN:19,(anonymous_13)
FN:32,(anonymous_14)
FN:38,(anonymous_15)
FN:38,(anonymous_16)
FN:40,(anonymous_17)
FN:48,(anonymous_18)
FN:52,(anonymous_19)
FN:52,(anonymous_20)
FN:53,(anonymous_21)
FN:61,(anonymous_22)
FN:65,(anonymous_23)
FN:65,(anonymous_24)
FN:66,(anonymous_25)
FN:74,(anonymous_26)
FN:78,(anonymous_27)
FN:102,(anonymous_28)
FN:114,(anonymous_29)
FNF:17
FNH:17
FNDA:34,(anonymous_13)
FNDA:10,(anonymous_14)
FNDA:3,(anonymous_15)
FNDA:3,(anonymous_16)
FNDA:3,(anonymous_17)
FNDA:3,(anonymous_18)
FNDA:3,(anonymous_19)
FNDA:3,(anonymous_20)
FNDA:3,(anonymous_21)
FNDA:3,(anonymous_22)
FNDA:2,(anonymous_23)
FNDA:2,(anonymous_24)
FNDA:2,(anonymous_25)
FNDA:2,(anonymous_26)
FNDA:93,(anonymous_27)
FNDA:5,(anonymous_28)
FNDA:3,(anonymous_29)
DA:1,1
DA:2,1
DA:3,1
DA:4,1
DA:5,1
DA:6,1
DA:13,1
DA:14,1
DA:15,1
DA:16,1
DA:17,1
DA:19,1
DA:20,34
DA:21,34
DA:22,34
DA:28,34
DA:29,34
DA:32,34
DA:33,10
DA:34,0
DA:38,34
DA:39,3
DA:40,3
DA:41,3
DA:42,3
DA:43,2
DA:45,1
DA:46,1
DA:48,3
DA:52,34
DA:53,3
DA:54,3
DA:55,3
DA:56,2
DA:58,1
DA:59,1
DA:61,3
DA:65,34
DA:66,2
DA:67,2
DA:68,2
DA:69,1
DA:71,1
DA:72,1
DA:74,2
DA:78,93
DA:80,34
DA:102,5
DA:114,3
DA:176,1
LF:50
LH:49
BRDA:33,0,0,0
BRDA:120,1,0,3
BRDA:120,1,1,31
BRDA:147,2,0,3
BRDA:147,2,1,31
BRDA:161,3,0,2
BRDA:161,3,1,32
BRF:7
BRH:6
end_of_record
TN:
SF:src\services\api.ts
FN:45,apiRequest
FN:46,(anonymous_8)
FN:98,(anonymous_9)
FN:99,(anonymous_10)
FN:104,(anonymous_11)
FN:105,(anonymous_12)
FN:106,(anonymous_13)
FN:112,(anonymous_14)
FN:113,(anonymous_15)
FN:114,(anonymous_16)
FN:116,(anonymous_17)
FNF:11
FNH:9
FNDA:8,apiRequest
FNDA:8,(anonymous_8)
FNDA:1,(anonymous_9)
FNDA:1,(anonymous_10)
FNDA:0,(anonymous_11)
FNDA:2,(anonymous_12)
FNDA:1,(anonymous_13)
FNDA:0,(anonymous_14)
FNDA:1,(anonymous_15)
FNDA:1,(anonymous_16)
FNDA:1,(anonymous_17)
DA:2,1
DA:4,1
DA:46,8
DA:50,8
DA:51,8
DA:58,8
DA:59,1
DA:62,8
DA:64,8
DA:65,1
DA:66,1
DA:72,1
DA:75,7
DA:76,7
DA:80,7
DA:82,1
DA:92,1
DA:97,1
DA:98,1
DA:99,1
DA:103,1
DA:104,0
DA:105,2
DA:107,1
DA:111,1
DA:112,0
DA:113,1
DA:115,1
DA:117,1
LF:29
LH:27
BRDA:47,0,0,7
BRDA:58,1,0,1
BRDA:64,2,0,1
BRF:3
BRH:3
end_of_record
TN:
SF:src\services\error-logging.ts
FN:3,(anonymous_7)
FN:23,(anonymous_8)
FN:25,(anonymous_9)
FN:32,(anonymous_10)
FN:39,(anonymous_11)
FN:92,(anonymous_12)
FN:103,(anonymous_14)
FN:107,(anonymous_15)
FNF:8
FNH:8
FNDA:2,(anonymous_7)
FNDA:2,(anonymous_8)
FNDA:2,(anonymous_9)
FNDA:3,(anonymous_10)
FNDA:120,(anonymous_11)
FNDA:1,(anonymous_12)
FNDA:4,(anonymous_14)
FNDA:4,(anonymous_15)
DA:1,2
DA:3,2
DA:4,2
DA:5,2
DA:6,2
DA:7,2
DA:20,2
DA:21,2
DA:26,2
DA:27,2
DA:29,2
DA:33,3
DA:34,3
DA:36,0
DA:45,120
DA:54,120
DA:55,120
DA:56,5
DA:60,120
DA:63,120
DA:65,113
DA:66,113
DA:68,1
DA:69,1
DA:72,6
DA:73,6
DA:77,120
DA:81,6
DA:82,114
DA:83,1
DA:87,120
DA:88,1
DA:95,1
DA:97,1
DA:99,0
DA:104,4
DA:108,4
DA:112,2
LF:38
LH:36
BRDA:3,0,0,2
BRDA:3,0,1,2
BRDA:26,1,0,2
BRDA:33,2,0,3
BRDA:50,3,0,3
BRDA:50,3,1,117
BRDA:55,4,0,5
BRDA:63,5,0,113
BRDA:63,5,1,1
BRDA:63,5,2,5
BRDA:63,5,3,6
BRDA:77,6,0,6
BRDA:77,6,1,114
BRDA:78,7,0,120
BRDA:78,7,1,115
BRDA:82,8,0,1
BRDA:87,9,0,1
BRF:17
BRH:17
end_of_record
