TN:
SF:src\context\AuthContext.tsx
FN:24,AuthProvider
FN:28,(anonymous_14)
FN:36,(anonymous_15)
FN:36,(anonymous_16)
FN:68,(anonymous_17)
FN:122,(anonymous_18)
FN:152,(anonymous_19)
FN:152,(anonymous_20)
FN:177,(anonymous_21)
FN:177,(anonymous_22)
FN:203,(anonymous_23)
FN:203,(anonymous_24)
FN:223,(anonymous_25)
FNF:13
FNH:7
FNDA:14,AuthProvider
FNDA:5,(anonymous_14)
FNDA:5,(anonymous_15)
FNDA:5,(anonymous_16)
FNDA:0,(anonymous_17)
FNDA:0,(anonymous_18)
FNDA:3,(anonymous_19)
FNDA:3,(anonymous_20)
FNDA:0,(anonymous_21)
FNDA:0,(anonymous_22)
FNDA:0,(anonymous_23)
FNDA:0,(anonymous_24)
FNDA:1,(anonymous_25)
DA:1,1
DA:2,1
DA:3,1
DA:8,1
DA:24,1
DA:25,14
DA:26,14
DA:28,14
DA:29,5
DA:30,5
DA:31,1
DA:33,5
DA:36,5
DA:37,5
DA:38,5
DA:39,5
DA:41,5
DA:42,0
DA:43,0
DA:44,0
DA:61,0
DA:62,0
DA:63,0
DA:68,0
DA:70,0
DA:78,0
DA:79,0
DA:80,0
DA:81,0
DA:83,0
DA:85,0
DA:96,0
DA:98,0
DA:100,0
DA:107,0
DA:110,0
DA:120,0
DA:122,0
DA:125,0
DA:133,0
DA:134,0
DA:135,0
DA:136,0
DA:138,0
DA:142,0
DA:143,0
DA:144,0
DA:149,5
DA:152,14
DA:153,3
DA:154,3
DA:155,3
DA:156,3
DA:163,3
DA:164,3
DA:165,3
DA:167,0
DA:170,0
DA:171,0
DA:173,3
DA:177,14
DA:178,0
DA:179,0
DA:180,0
DA:183,0
DA:185,0
DA:193,0
DA:195,0
DA:196,0
DA:199,0
DA:203,14
DA:204,0
DA:205,0
DA:206,0
DA:213,0
DA:214,0
DA:216,0
DA:217,0
DA:219,0
DA:223,14
DA:224,1
DA:225,1
DA:226,1
DA:229,14
LF:84
LH:34
BRDA:30,0,0,1
BRDA:41,1,0,0
BRDA:43,2,0,0
BRDA:43,2,1,0
BRDA:62,3,0,0
BRDA:83,4,0,0
BRDA:98,5,0,0
BRDA:98,5,1,0
BRDA:122,6,0,0
BRDA:122,6,1,0
BRDA:122,7,0,0
BRDA:122,7,1,0
BRDA:122,8,0,0
BRDA:122,8,1,0
BRDA:123,9,0,0
BRDA:123,9,1,0
BRDA:123,10,0,0
BRDA:123,10,1,0
BRDA:127,11,0,0
BRDA:127,11,1,0
BRDA:138,12,0,0
BRDA:138,12,1,0
BRDA:155,13,0,3
BRDA:155,13,1,0
BRDA:155,14,0,3
BRDA:155,14,1,3
BRF:26
BRH:4
end_of_record
TN:
SF:src\context\auth-types.ts
FNF:0
FNH:0
DA:1,1
DA:21,1
LF:2
LH:2
BRF:0
BRH:0
end_of_record
TN:
SF:src\hooks\use-auth.ts
FN:4,useAuth
FNF:1
FNH:1
FNDA:14,useAuth
DA:1,1
DA:2,1
DA:4,1
DA:5,14
DA:6,14
DA:7,0
DA:9,14
LF:7
LH:6
BRDA:6,0,0,0
BRF:1
BRH:0
end_of_record
TN:
SF:src\mocks\handlers.ts
FN:5,(anonymous_0)
FN:14,(anonymous_1)
FN:24,(anonymous_2)
FN:36,(anonymous_3)
FN:45,(anonymous_4)
FNF:5
FNH:0
FNDA:0,(anonymous_0)
FNDA:0,(anonymous_1)
FNDA:0,(anonymous_2)
FNDA:0,(anonymous_3)
FNDA:0,(anonymous_4)
DA:1,1
DA:3,1
DA:6,0
DA:15,0
DA:25,0
DA:37,0
DA:46,0
LF:7
LH:2
BRF:0
BRH:0
end_of_record
TN:
SF:src\mocks\server.ts
FNF:0
FNH:0
DA:1,1
DA:2,1
DA:4,1
LF:3
LH:3
BRF:0
BRH:0
end_of_record
